This file contains any messages produced by compilers while
running configure, to aid debugging if configure makes a mistake.

It was created by libva configure 1.3.1.pre1, which was
generated by GNU Autoconf 2.68.  Invocation command line was

  $ ./configure 

## --------- ##
## Platform. ##
## --------- ##

hostname = sijiewang-danoo
uname -m = i686
uname -r = 3.2.0-30-generic-pae
uname -s = Linux
uname -v = #48-Ubuntu SMP Fri Aug 24 17:14:09 UTC 2012

/usr/bin/uname -p = unknown
/bin/uname -X     = unknown

/bin/arch              = unknown
/usr/bin/arch -k       = unknown
/usr/convex/getsysinfo = unknown
/usr/bin/hostinfo      = unknown
/bin/machine           = unknown
/usr/bin/oslevel       = unknown
/bin/universe          = unknown

PATH: /home/sijiewang/bin
PATH: /opt/jdk1.6.0_31/bin
PATH: /opt/jdk1.6.0_31/jre/bin
PATH: /usr/local/sbin
PATH: /usr/local/bin
PATH: /usr/sbin
PATH: /usr/bin
PATH: /sbin
PATH: /bin
PATH: /usr/games
PATH: /home/sijiewang/android-sdks
PATH: /home/sijiewang/android-sdks/platform-tools
PATH: /home/sijiewang/android-sdks/tools
PATH: /home/sijiewang/android-toolchain/arm-eabi-4.4.0/bin
PATH: /usr/local/bin


## ----------- ##
## Core tests. ##
## ----------- ##

configure:2473: checking for a BSD-compatible install
configure:2541: result: /usr/bin/install -c
configure:2552: checking whether build environment is sane
configure:2602: result: yes
configure:2743: checking for a thread-safe mkdir -p
configure:2782: result: /bin/mkdir -p
configure:2795: checking for gawk
configure:2825: result: no
configure:2795: checking for mawk
configure:2811: found /usr/bin/mawk
configure:2822: result: mawk
configure:2833: checking whether make sets $(MAKE)
configure:2855: result: yes
configure:2949: checking whether make supports nested variables
configure:2966: result: yes
configure:3143: checking build system type
configure:3157: result: i686-pc-linux-gnu
configure:3177: checking host system type
configure:3190: result: i686-pc-linux-gnu
configure:3231: checking how to print strings
configure:3258: result: printf
configure:3291: checking for style of include used by make
configure:3319: result: GNU
configure:3390: checking for gcc
configure:3406: found /usr/bin/gcc
configure:3417: result: gcc
configure:3646: checking for C compiler version
configure:3655: gcc --version >&5
gcc (Ubuntu/Linaro 4.6.3-1ubuntu5) 4.6.3
Copyright (C) 2011 Free Software Foundation, Inc.
This is free software; see the source for copying conditions.  There is NO
warranty; not even for MERCHANTABILITY or FITNESS FOR A PARTICULAR PURPOSE.

configure:3666: $? = 0
configure:3655: gcc -v >&5
Using built-in specs.
COLLECT_GCC=gcc
COLLECT_LTO_WRAPPER=/usr/lib/gcc/i686-linux-gnu/4.6/lto-wrapper
Target: i686-linux-gnu
Configured with: ../src/configure -v --with-pkgversion='Ubuntu/Linaro 4.6.3-1ubuntu5' --with-bugurl=file:///usr/share/doc/gcc-4.6/README.Bugs --enable-languages=c,c++,fortran,objc,obj-c++ --prefix=/usr --program-suffix=-4.6 --enable-shared --enable-linker-build-id --with-system-zlib --libexecdir=/usr/lib --without-included-gettext --enable-threads=posix --with-gxx-include-dir=/usr/include/c++/4.6 --libdir=/usr/lib --enable-nls --with-sysroot=/ --enable-clocale=gnu --enable-libstdcxx-debug --enable-libstdcxx-time=yes --enable-gnu-unique-object --enable-plugin --enable-objc-gc --enable-targets=all --disable-werror --with-arch-32=i686 --with-tune=generic --enable-checking=release --build=i686-linux-gnu --host=i686-linux-gnu --target=i686-linux-gnu
Thread model: posix
gcc version 4.6.3 (Ubuntu/Linaro 4.6.3-1ubuntu5) 
configure:3666: $? = 0
configure:3655: gcc -V >&5
gcc: error: unrecognized option '-V'
gcc: fatal error: no input files
compilation terminated.
configure:3666: $? = 4
configure:3655: gcc -qversion >&5
gcc: error: unrecognized option '-qversion'
gcc: fatal error: no input files
compilation terminated.
configure:3666: $? = 4
configure:3686: checking whether the C compiler works
configure:3708: gcc    conftest.c  >&5
configure:3712: $? = 0
configure:3760: result: yes
configure:3763: checking for C compiler default output file name
configure:3765: result: a.out
configure:3771: checking for suffix of executables
configure:3778: gcc -o conftest    conftest.c  >&5
configure:3782: $? = 0
configure:3804: result: 
configure:3826: checking whether we are cross compiling
configure:3834: gcc -o conftest    conftest.c  >&5
configure:3838: $? = 0
configure:3845: ./conftest
configure:3849: $? = 0
configure:3864: result: no
configure:3869: checking for suffix of object files
configure:3891: gcc -c   conftest.c >&5
configure:3895: $? = 0
configure:3916: result: o
configure:3920: checking whether we are using the GNU C compiler
configure:3939: gcc -c   conftest.c >&5
configure:3939: $? = 0
configure:3948: result: yes
configure:3957: checking whether gcc accepts -g
configure:3977: gcc -c -g  conftest.c >&5
configure:3977: $? = 0
configure:4018: result: yes
configure:4035: checking for gcc option to accept ISO C89
configure:4099: gcc  -c -g -O2  conftest.c >&5
configure:4099: $? = 0
configure:4112: result: none needed
configure:4134: checking dependency style of gcc
configure:4245: result: gcc3
configure:4260: checking for a sed that does not truncate output
configure:4324: result: /bin/sed
configure:4342: checking for grep that handles long lines and -e
configure:4400: result: /bin/grep
configure:4405: checking for egrep
configure:4467: result: /bin/grep -E
configure:4472: checking for fgrep
configure:4534: result: /bin/grep -F
configure:4569: checking for ld used by gcc
configure:4636: result: /usr/bin/ld
configure:4643: checking if the linker (/usr/bin/ld) is GNU ld
configure:4658: result: yes
configure:4670: checking for BSD- or MS-compatible name lister (nm)
configure:4719: result: /usr/bin/nm -B
configure:4849: checking the name lister (/usr/bin/nm -B) interface
configure:4856: gcc -c -g -O2  conftest.c >&5
configure:4859: /usr/bin/nm -B "conftest.o"
configure:4862: output
00000000 B some_variable
configure:4869: result: BSD nm
configure:4872: checking whether ln -s works
configure:4876: result: yes
configure:4884: checking the maximum length of command line arguments
configure:5015: result: 1572864
configure:5032: checking whether the shell understands some XSI constructs
configure:5042: result: yes
configure:5046: checking whether the shell understands "+="
configure:5052: result: yes
configure:5087: checking how to convert i686-pc-linux-gnu file names to i686-pc-linux-gnu format
configure:5127: result: func_convert_file_noop
configure:5134: checking how to convert i686-pc-linux-gnu file names to toolchain format
configure:5154: result: func_convert_file_noop
configure:5161: checking for /usr/bin/ld option to reload object files
configure:5168: result: -r
configure:5242: checking for objdump
configure:5258: found /usr/bin/objdump
configure:5269: result: objdump
configure:5301: checking how to recognize dependent libraries
configure:5499: result: pass_all
configure:5584: checking for dlltool
configure:5614: result: no
configure:5644: checking how to associate runtime and link libraries
configure:5671: result: printf %s\n
configure:5732: checking for ar
configure:5748: found /usr/bin/ar
configure:5759: result: ar
configure:5796: checking for archiver @FILE support
configure:5813: gcc -c -g -O2  conftest.c >&5
configure:5813: $? = 0
configure:5816: ar cru libconftest.a @conftest.lst >&5
configure:5819: $? = 0
configure:5824: ar cru libconftest.a @conftest.lst >&5
ar: conftest.o: No such file or directory
configure:5827: $? = 1
configure:5839: result: @
configure:5897: checking for strip
configure:5913: found /usr/bin/strip
configure:5924: result: strip
configure:5996: checking for ranlib
configure:6012: found /usr/bin/ranlib
configure:6023: result: ranlib
configure:6125: checking command to parse /usr/bin/nm -B output from gcc object
configure:6245: gcc -c -g -O2  conftest.c >&5
configure:6248: $? = 0
configure:6252: /usr/bin/nm -B conftest.o \| sed -n -e 's/^.*[ ]\([ABCDGIRSTW][ABCDGIRSTW]*\)[ ][ ]*\([_A-Za-z][_A-Za-z0-9]*\)$/\1 \2 \2/p' | sed '/ __gnu_lto/d' \> conftest.nm
configure:6255: $? = 0
configure:6321: gcc -o conftest -g -O2   conftest.c conftstm.o >&5
configure:6324: $? = 0
configure:6362: result: ok
configure:6399: checking for sysroot
configure:6429: result: no
configure:6692: checking for mt
configure:6708: found /bin/mt
configure:6719: result: mt
configure:6742: checking if mt is a manifest tool
configure:6748: mt '-?'
configure:6756: result: no
configure:7398: checking how to run the C preprocessor
configure:7429: gcc -E  conftest.c
configure:7429: $? = 0
configure:7443: gcc -E  conftest.c
conftest.c:11:28: fatal error: ac_nonexistent.h: No such file or directory
compilation terminated.
configure:7443: $? = 1
configure: failed program was:
| /* confdefs.h */
| #define PACKAGE_NAME "libva"
| #define PACKAGE_TARNAME "libva"
| #define PACKAGE_VERSION "1.3.1.pre1"
| #define PACKAGE_STRING "libva 1.3.1.pre1"
| #define PACKAGE_BUGREPORT "waldo.bastian@intel.com"
| #define PACKAGE_URL ""
| #define PACKAGE "libva"
| #define VERSION "1.3.1.pre1"
| /* end confdefs.h.  */
| #include <ac_nonexistent.h>
configure:7468: result: gcc -E
configure:7488: gcc -E  conftest.c
configure:7488: $? = 0
configure:7502: gcc -E  conftest.c
conftest.c:11:28: fatal error: ac_nonexistent.h: No such file or directory
compilation terminated.
configure:7502: $? = 1
configure: failed program was:
| /* confdefs.h */
| #define PACKAGE_NAME "libva"
| #define PACKAGE_TARNAME "libva"
| #define PACKAGE_VERSION "1.3.1.pre1"
| #define PACKAGE_STRING "libva 1.3.1.pre1"
| #define PACKAGE_BUGREPORT "waldo.bastian@intel.com"
| #define PACKAGE_URL ""
| #define PACKAGE "libva"
| #define VERSION "1.3.1.pre1"
| /* end confdefs.h.  */
| #include <ac_nonexistent.h>
configure:7531: checking for ANSI C header files
configure:7551: gcc -c -g -O2  conftest.c >&5
configure:7551: $? = 0
configure:7624: gcc -o conftest -g -O2   conftest.c  >&5
configure:7624: $? = 0
configure:7624: ./conftest
configure:7624: $? = 0
configure:7635: result: yes
configure:7648: checking for sys/types.h
configure:7648: gcc -c -g -O2  conftest.c >&5
configure:7648: $? = 0
configure:7648: result: yes
configure:7648: checking for sys/stat.h
configure:7648: gcc -c -g -O2  conftest.c >&5
configure:7648: $? = 0
configure:7648: result: yes
configure:7648: checking for stdlib.h
configure:7648: gcc -c -g -O2  conftest.c >&5
configure:7648: $? = 0
configure:7648: result: yes
configure:7648: checking for string.h
configure:7648: gcc -c -g -O2  conftest.c >&5
configure:7648: $? = 0
configure:7648: result: yes
configure:7648: checking for memory.h
configure:7648: gcc -c -g -O2  conftest.c >&5
configure:7648: $? = 0
configure:7648: result: yes
configure:7648: checking for strings.h
configure:7648: gcc -c -g -O2  conftest.c >&5
configure:7648: $? = 0
configure:7648: result: yes
configure:7648: checking for inttypes.h
configure:7648: gcc -c -g -O2  conftest.c >&5
configure:7648: $? = 0
configure:7648: result: yes
configure:7648: checking for stdint.h
configure:7648: gcc -c -g -O2  conftest.c >&5
configure:7648: $? = 0
configure:7648: result: yes
configure:7648: checking for unistd.h
configure:7648: gcc -c -g -O2  conftest.c >&5
configure:7648: $? = 0
configure:7648: result: yes
configure:7662: checking for dlfcn.h
configure:7662: gcc -c -g -O2  conftest.c >&5
configure:7662: $? = 0
configure:7662: result: yes
configure:7838: checking for objdir
configure:7853: result: .libs
configure:8124: checking if gcc supports -fno-rtti -fno-exceptions
configure:8142: gcc -c -g -O2  -fno-rtti -fno-exceptions conftest.c >&5
cc1: warning: command line option '-fno-rtti' is valid for C++/ObjC++ but not for C [enabled by default]
configure:8146: $? = 0
configure:8159: result: no
configure:8486: checking for gcc option to produce PIC
configure:8493: result: -fPIC -DPIC
configure:8501: checking if gcc PIC flag -fPIC -DPIC works
configure:8519: gcc -c -g -O2  -fPIC -DPIC -DPIC conftest.c >&5
configure:8523: $? = 0
configure:8536: result: yes
configure:8565: checking if gcc static flag -static works
configure:8593: result: yes
configure:8608: checking if gcc supports -c -o file.o
configure:8629: gcc -c -g -O2  -o out/conftest2.o conftest.c >&5
configure:8633: $? = 0
configure:8655: result: yes
configure:8663: checking if gcc supports -c -o file.o
configure:8710: result: yes
configure:8743: checking whether the gcc linker (/usr/bin/ld) supports shared libraries
configure:9900: result: yes
configure:9937: checking whether -lc should be explicitly linked in
configure:9945: gcc -c -g -O2  conftest.c >&5
configure:9948: $? = 0
configure:9963: gcc -shared  -fPIC -DPIC conftest.o  -v -Wl,-soname -Wl,conftest -o conftest 2\>\&1 \| /bin/grep  -lc  \>/dev/null 2\>\&1
configure:9966: $? = 0
configure:9980: result: no
configure:10140: checking dynamic linker characteristics
configure:10640: gcc -o conftest -g -O2   -Wl,-rpath -Wl,/foo conftest.c  >&5
configure:10640: $? = 0
configure:10874: result: GNU/Linux ld.so
configure:10981: checking how to hardcode library paths into programs
configure:11006: result: immediate
configure:11546: checking whether stripping libraries is possible
configure:11551: result: yes
configure:11586: checking if libtool supports shared libraries
configure:11588: result: yes
configure:11591: checking whether to build shared libraries
configure:11612: result: yes
configure:11615: checking whether to build static libraries
configure:11619: result: no
configure:11704: checking for gcc
configure:11731: result: gcc
configure:11960: checking for C compiler version
configure:11969: gcc --version >&5
gcc (Ubuntu/Linaro 4.6.3-1ubuntu5) 4.6.3
Copyright (C) 2011 Free Software Foundation, Inc.
This is free software; see the source for copying conditions.  There is NO
warranty; not even for MERCHANTABILITY or FITNESS FOR A PARTICULAR PURPOSE.

configure:11980: $? = 0
configure:11969: gcc -v >&5
Using built-in specs.
COLLECT_GCC=gcc
COLLECT_LTO_WRAPPER=/usr/lib/gcc/i686-linux-gnu/4.6/lto-wrapper
Target: i686-linux-gnu
Configured with: ../src/configure -v --with-pkgversion='Ubuntu/Linaro 4.6.3-1ubuntu5' --with-bugurl=file:///usr/share/doc/gcc-4.6/README.Bugs --enable-languages=c,c++,fortran,objc,obj-c++ --prefix=/usr --program-suffix=-4.6 --enable-shared --enable-linker-build-id --with-system-zlib --libexecdir=/usr/lib --without-included-gettext --enable-threads=posix --with-gxx-include-dir=/usr/include/c++/4.6 --libdir=/usr/lib --enable-nls --with-sysroot=/ --enable-clocale=gnu --enable-libstdcxx-debug --enable-libstdcxx-time=yes --enable-gnu-unique-object --enable-plugin --enable-objc-gc --enable-targets=all --disable-werror --with-arch-32=i686 --with-tune=generic --enable-checking=release --build=i686-linux-gnu --host=i686-linux-gnu --target=i686-linux-gnu
Thread model: posix
gcc version 4.6.3 (Ubuntu/Linaro 4.6.3-1ubuntu5) 
configure:11980: $? = 0
configure:11969: gcc -V >&5
gcc: error: unrecognized option '-V'
gcc: fatal error: no input files
compilation terminated.
configure:11980: $? = 4
configure:11969: gcc -qversion >&5
gcc: error: unrecognized option '-qversion'
gcc: fatal error: no input files
compilation terminated.
configure:11980: $? = 4
configure:11984: checking whether we are using the GNU C compiler
configure:12012: result: yes
configure:12021: checking whether gcc accepts -g
configure:12082: result: yes
configure:12099: checking for gcc option to accept ISO C89
configure:12176: result: none needed
configure:12198: checking dependency style of gcc
configure:12309: result: gcc3
configure:12382: checking for g++
configure:12398: found /usr/bin/g++
configure:12409: result: g++
configure:12436: checking for C++ compiler version
configure:12445: g++ --version >&5
g++ (Ubuntu/Linaro 4.6.3-1ubuntu5) 4.6.3
Copyright (C) 2011 Free Software Foundation, Inc.
This is free software; see the source for copying conditions.  There is NO
warranty; not even for MERCHANTABILITY or FITNESS FOR A PARTICULAR PURPOSE.

configure:12456: $? = 0
configure:12445: g++ -v >&5
Using built-in specs.
COLLECT_GCC=g++
COLLECT_LTO_WRAPPER=/usr/lib/gcc/i686-linux-gnu/4.6/lto-wrapper
Target: i686-linux-gnu
Configured with: ../src/configure -v --with-pkgversion='Ubuntu/Linaro 4.6.3-1ubuntu5' --with-bugurl=file:///usr/share/doc/gcc-4.6/README.Bugs --enable-languages=c,c++,fortran,objc,obj-c++ --prefix=/usr --program-suffix=-4.6 --enable-shared --enable-linker-build-id --with-system-zlib --libexecdir=/usr/lib --without-included-gettext --enable-threads=posix --with-gxx-include-dir=/usr/include/c++/4.6 --libdir=/usr/lib --enable-nls --with-sysroot=/ --enable-clocale=gnu --enable-libstdcxx-debug --enable-libstdcxx-time=yes --enable-gnu-unique-object --enable-plugin --enable-objc-gc --enable-targets=all --disable-werror --with-arch-32=i686 --with-tune=generic --enable-checking=release --build=i686-linux-gnu --host=i686-linux-gnu --target=i686-linux-gnu
Thread model: posix
gcc version 4.6.3 (Ubuntu/Linaro 4.6.3-1ubuntu5) 
configure:12456: $? = 0
configure:12445: g++ -V >&5
g++: error: unrecognized option '-V'
g++: fatal error: no input files
compilation terminated.
configure:12456: $? = 4
configure:12445: g++ -qversion >&5
g++: error: unrecognized option '-qversion'
g++: fatal error: no input files
compilation terminated.
configure:12456: $? = 4
configure:12460: checking whether we are using the GNU C++ compiler
configure:12479: g++ -c   conftest.cpp >&5
configure:12479: $? = 0
configure:12488: result: yes
configure:12497: checking whether g++ accepts -g
configure:12517: g++ -c -g  conftest.cpp >&5
configure:12517: $? = 0
configure:12558: result: yes
configure:12583: checking dependency style of g++
configure:12694: result: gcc3
configure:12727: checking how to run the C++ preprocessor
configure:12754: g++ -E  conftest.cpp
configure:12754: $? = 0
configure:12768: g++ -E  conftest.cpp
conftest.cpp:23:28: fatal error: ac_nonexistent.h: No such file or directory
compilation terminated.
configure:12768: $? = 1
configure: failed program was:
| /* confdefs.h */
| #define PACKAGE_NAME "libva"
| #define PACKAGE_TARNAME "libva"
| #define PACKAGE_VERSION "1.3.1.pre1"
| #define PACKAGE_STRING "libva 1.3.1.pre1"
| #define PACKAGE_BUGREPORT "waldo.bastian@intel.com"
| #define PACKAGE_URL ""
| #define PACKAGE "libva"
| #define VERSION "1.3.1.pre1"
| #define STDC_HEADERS 1
| #define HAVE_SYS_TYPES_H 1
| #define HAVE_SYS_STAT_H 1
| #define HAVE_STDLIB_H 1
| #define HAVE_STRING_H 1
| #define HAVE_MEMORY_H 1
| #define HAVE_STRINGS_H 1
| #define HAVE_INTTYPES_H 1
| #define HAVE_STDINT_H 1
| #define HAVE_UNISTD_H 1
| #define HAVE_DLFCN_H 1
| #define LT_OBJDIR ".libs/"
| /* end confdefs.h.  */
| #include <ac_nonexistent.h>
configure:12793: result: g++ -E
configure:12813: g++ -E  conftest.cpp
configure:12813: $? = 0
configure:12827: g++ -E  conftest.cpp
conftest.cpp:23:28: fatal error: ac_nonexistent.h: No such file or directory
compilation terminated.
configure:12827: $? = 1
configure: failed program was:
| /* confdefs.h */
| #define PACKAGE_NAME "libva"
| #define PACKAGE_TARNAME "libva"
| #define PACKAGE_VERSION "1.3.1.pre1"
| #define PACKAGE_STRING "libva 1.3.1.pre1"
| #define PACKAGE_BUGREPORT "waldo.bastian@intel.com"
| #define PACKAGE_URL ""
| #define PACKAGE "libva"
| #define VERSION "1.3.1.pre1"
| #define STDC_HEADERS 1
| #define HAVE_SYS_TYPES_H 1
| #define HAVE_SYS_STAT_H 1
| #define HAVE_STDLIB_H 1
| #define HAVE_STRING_H 1
| #define HAVE_MEMORY_H 1
| #define HAVE_STRINGS_H 1
| #define HAVE_INTTYPES_H 1
| #define HAVE_STDINT_H 1
| #define HAVE_UNISTD_H 1
| #define HAVE_DLFCN_H 1
| #define LT_OBJDIR ".libs/"
| /* end confdefs.h.  */
| #include <ac_nonexistent.h>
configure:12996: checking for ld used by g++
configure:13063: result: /usr/bin/ld
configure:13070: checking if the linker (/usr/bin/ld) is GNU ld
configure:13085: result: yes
configure:13140: checking whether the g++ linker (/usr/bin/ld) supports shared libraries
configure:14142: result: yes
configure:14178: g++ -c -g -O2  conftest.cpp >&5
configure:14181: $? = 0
configure:14701: checking for g++ option to produce PIC
configure:14708: result: -fPIC -DPIC
configure:14716: checking if g++ PIC flag -fPIC -DPIC works
configure:14734: g++ -c -g -O2  -fPIC -DPIC -DPIC conftest.cpp >&5
configure:14738: $? = 0
configure:14751: result: yes
configure:14774: checking if g++ static flag -static works
configure:14802: result: yes
configure:14814: checking if g++ supports -c -o file.o
configure:14835: g++ -c -g -O2  -o out/conftest2.o conftest.cpp >&5
configure:14839: $? = 0
configure:14861: result: yes
configure:14866: checking if g++ supports -c -o file.o
configure:14913: result: yes
configure:14943: checking whether the g++ linker (/usr/bin/ld) supports shared libraries
configure:14982: result: yes
configure:15123: checking dynamic linker characteristics
configure:15791: result: GNU/Linux ld.so
configure:15844: checking how to hardcode library paths into programs
configure:15869: result: immediate
configure:15910: checking whether gcc and cc understand -c and -o together
configure:15941: gcc -c conftest.c -o conftest2.o >&5
configure:15945: $? = 0
configure:15951: gcc -c conftest.c -o conftest2.o >&5
configure:15955: $? = 0
configure:15966: cc -c conftest.c >&5
configure:15970: $? = 0
configure:15978: cc -c conftest.c -o conftest2.o >&5
configure:15982: $? = 0
configure:15988: cc -c conftest.c -o conftest2.o >&5
configure:15992: $? = 0
configure:16010: result: yes
configure:16089: checking for pkg-config
configure:16107: found /usr/bin/pkg-config
configure:16119: result: /usr/bin/pkg-config
configure:16144: checking pkg-config is at least version 0.9.0
configure:16147: result: yes
configure:16156: checking for ANSI C header files
configure:16260: result: yes
configure:16275: checking for special C compiler options needed for large files
configure:16320: result: no
configure:16326: checking for _FILE_OFFSET_BITS value needed for large files
configure:16351: gcc -c -g -O2  conftest.c >&5
conftest.c:30:3: warning: left shift count >= width of type [enabled by default]
conftest.c:30:3: warning: left shift count >= width of type [enabled by default]
conftest.c:31:10: warning: left shift count >= width of type [enabled by default]
conftest.c:31:10: warning: left shift count >= width of type [enabled by default]
conftest.c:30:7: error: size of array 'off_t_is_large' is negative
conftest.c:32:9: warning: variably modified 'off_t_is_large' at file scope [enabled by default]
configure:16351: $? = 1
configure: failed program was:
| /* confdefs.h */
| #define PACKAGE_NAME "libva"
| #define PACKAGE_TARNAME "libva"
| #define PACKAGE_VERSION "1.3.1.pre1"
| #define PACKAGE_STRING "libva 1.3.1.pre1"
| #define PACKAGE_BUGREPORT "waldo.bastian@intel.com"
| #define PACKAGE_URL ""
| #define PACKAGE "libva"
| #define VERSION "1.3.1.pre1"
| #define STDC_HEADERS 1
| #define HAVE_SYS_TYPES_H 1
| #define HAVE_SYS_STAT_H 1
| #define HAVE_STDLIB_H 1
| #define HAVE_STRING_H 1
| #define HAVE_MEMORY_H 1
| #define HAVE_STRINGS_H 1
| #define HAVE_INTTYPES_H 1
| #define HAVE_STDINT_H 1
| #define HAVE_UNISTD_H 1
| #define HAVE_DLFCN_H 1
| #define LT_OBJDIR ".libs/"
| #define STDC_HEADERS 1
| /* end confdefs.h.  */
| #include <sys/types.h>
|  /* Check that off_t can represent 2**63 - 1 correctly.
|     We can't simply define LARGE_OFF_T to be 9223372036854775807,
|     since some C++ compilers masquerading as C compilers
|     incorrectly reject 9223372036854775807.  */
| #define LARGE_OFF_T (((off_t) 1 << 62) - 1 + ((off_t) 1 << 62))
|   int off_t_is_large[(LARGE_OFF_T % 2147483629 == 721
| 		       && LARGE_OFF_T % 2147483647 == 1)
| 		      ? 1 : -1];
| int
| main ()
| {
| 
|   ;
|   return 0;
| }
configure:16375: gcc -c -g -O2  conftest.c >&5
configure:16375: $? = 0
configure:16383: result: 64
configure:16575: checking whether __attribute__((visibility())) is supported
configure:16595: result: yes
configure:16607: checking for DRM
configure:16614: $PKG_CONFIG --exists --print-errors "libdrm >= $LIBDRM_VERSION"
configure:16617: $? = 0
configure:16631: $PKG_CONFIG --exists --print-errors "libdrm >= $LIBDRM_VERSION"
configure:16634: $? = 0
configure:16692: result: yes
configure:16720: checking for X11
configure:16727: $PKG_CONFIG --exists --print-errors "x11"
configure:16730: $? = 0
configure:16744: $PKG_CONFIG --exists --print-errors "x11"
configure:16747: $? = 0
configure:16785: result: yes
configure:16791: checking for XEXT
configure:16798: $PKG_CONFIG --exists --print-errors "xext"
configure:16801: $? = 0
configure:16815: $PKG_CONFIG --exists --print-errors "xext"
configure:16818: $? = 0
configure:16856: result: yes
configure:16862: checking for XFIXES
configure:16869: $PKG_CONFIG --exists --print-errors "xfixes"
configure:16872: $? = 0
configure:16886: $PKG_CONFIG --exists --print-errors "xfixes"
configure:16889: $? = 0
configure:16927: result: yes
configure:16951: checking for GLX
configure:16958: $PKG_CONFIG --exists --print-errors "gl x11"
configure:16961: $? = 0
configure:16975: $PKG_CONFIG --exists --print-errors "gl x11"
configure:16978: $? = 0
configure:17016: result: yes
configure:17027: checking GL/gl.h usability
configure:17027: gcc -c -g -O2    conftest.c >&5
configure:17027: $? = 0
configure:17027: result: yes
configure:17027: checking GL/gl.h presence
configure:17027: gcc -E    conftest.c
configure:17027: $? = 0
configure:17027: result: yes
configure:17027: checking for GL/gl.h
configure:17027: result: yes
configure:17027: checking GL/glx.h usability
configure:17027: gcc -c -g -O2    conftest.c >&5
configure:17027: $? = 0
configure:17027: result: yes
configure:17027: checking GL/glx.h presence
configure:17027: gcc -E    conftest.c
configure:17027: $? = 0
configure:17027: result: yes
configure:17027: checking for GL/glx.h
configure:17027: result: yes
configure:17039: checking for glXCreateContext in -lGL
configure:17064: gcc -o conftest -g -O2     conftest.c -lGL   -lGL -lX11   >&5
configure:17064: $? = 0
configure:17073: result: yes
configure:17101: checking for EGL
configure:17108: $PKG_CONFIG --exists --print-errors "egl"
Package egl was not found in the pkg-config search path.
Perhaps you should add the directory containing `egl.pc'
to the PKG_CONFIG_PATH environment variable
No package 'egl' found
configure:17111: $? = 1
configure:17125: $PKG_CONFIG --exists --print-errors "egl"
Package egl was not found in the pkg-config search path.
Perhaps you should add the directory containing `egl.pc'
to the PKG_CONFIG_PATH environment variable
No package 'egl' found
configure:17128: $? = 1
configure:17142: result: no
No package 'egl' found
configure:17176: checking EGL/egl.h usability
configure:17176: gcc -c -g -O2   conftest.c >&5
conftest.c:64:21: fatal error: EGL/egl.h: No such file or directory
compilation terminated.
configure:17176: $? = 1
configure: failed program was:
| /* confdefs.h */
| #define PACKAGE_NAME "libva"
| #define PACKAGE_TARNAME "libva"
| #define PACKAGE_VERSION "1.3.1.pre1"
| #define PACKAGE_STRING "libva 1.3.1.pre1"
| #define PACKAGE_BUGREPORT "waldo.bastian@intel.com"
| #define PACKAGE_URL ""
| #define PACKAGE "libva"
| #define VERSION "1.3.1.pre1"
| #define STDC_HEADERS 1
| #define HAVE_SYS_TYPES_H 1
| #define HAVE_SYS_STAT_H 1
| #define HAVE_STDLIB_H 1
| #define HAVE_STRING_H 1
| #define HAVE_MEMORY_H 1
| #define HAVE_STRINGS_H 1
| #define HAVE_INTTYPES_H 1
| #define HAVE_STDINT_H 1
| #define HAVE_UNISTD_H 1
| #define HAVE_DLFCN_H 1
| #define LT_OBJDIR ".libs/"
| #define STDC_HEADERS 1
| #define _FILE_OFFSET_BITS 64
| #define HAVE_GNUC_VISIBILITY_ATTRIBUTE 1
| #define HAVE_VA_DRM 1
| #define HAVE_VA_X11 1
| #define HAVE_GL_GL_H 1
| #define HAVE_GL_GLX_H 1
| #define HAVE_VA_GLX 1
| /* end confdefs.h.  */
| #include <stdio.h>
| #ifdef HAVE_SYS_TYPES_H
| # include <sys/types.h>
| #endif
| #ifdef HAVE_SYS_STAT_H
| # include <sys/stat.h>
| #endif
| #ifdef STDC_HEADERS
| # include <stdlib.h>
| # include <stddef.h>
| #else
| # ifdef HAVE_STDLIB_H
| #  include <stdlib.h>
| # endif
| #endif
| #ifdef HAVE_STRING_H
| # if !defined STDC_HEADERS && defined HAVE_MEMORY_H
| #  include <memory.h>
| # endif
| # include <string.h>
| #endif
| #ifdef HAVE_STRINGS_H
| # include <strings.h>
| #endif
| #ifdef HAVE_INTTYPES_H
| # include <inttypes.h>
| #endif
| #ifdef HAVE_STDINT_H
| # include <stdint.h>
| #endif
| #ifdef HAVE_UNISTD_H
| # include <unistd.h>
| #endif
| #include <EGL/egl.h>
configure:17176: result: no
configure:17176: checking EGL/egl.h presence
configure:17176: gcc -E   conftest.c
conftest.c:31:21: fatal error: EGL/egl.h: No such file or directory
compilation terminated.
configure:17176: $? = 1
configure: failed program was:
| /* confdefs.h */
| #define PACKAGE_NAME "libva"
| #define PACKAGE_TARNAME "libva"
| #define PACKAGE_VERSION "1.3.1.pre1"
| #define PACKAGE_STRING "libva 1.3.1.pre1"
| #define PACKAGE_BUGREPORT "waldo.bastian@intel.com"
| #define PACKAGE_URL ""
| #define PACKAGE "libva"
| #define VERSION "1.3.1.pre1"
| #define STDC_HEADERS 1
| #define HAVE_SYS_TYPES_H 1
| #define HAVE_SYS_STAT_H 1
| #define HAVE_STDLIB_H 1
| #define HAVE_STRING_H 1
| #define HAVE_MEMORY_H 1
| #define HAVE_STRINGS_H 1
| #define HAVE_INTTYPES_H 1
| #define HAVE_STDINT_H 1
| #define HAVE_UNISTD_H 1
| #define HAVE_DLFCN_H 1
| #define LT_OBJDIR ".libs/"
| #define STDC_HEADERS 1
| #define _FILE_OFFSET_BITS 64
| #define HAVE_GNUC_VISIBILITY_ATTRIBUTE 1
| #define HAVE_VA_DRM 1
| #define HAVE_VA_X11 1
| #define HAVE_GL_GL_H 1
| #define HAVE_GL_GLX_H 1
| #define HAVE_VA_GLX 1
| /* end confdefs.h.  */
| #include <EGL/egl.h>
configure:17176: result: no
configure:17176: checking for EGL/egl.h
configure:17176: result: no
configure:17188: checking for eglGetDisplay in -lEGL
configure:17213: gcc -o conftest -g -O2    conftest.c -lEGL    >&5
/usr/bin/ld: cannot find -lEGL
collect2: ld returned 1 exit status
configure:17213: $? = 1
configure: failed program was:
| /* confdefs.h */
| #define PACKAGE_NAME "libva"
| #define PACKAGE_TARNAME "libva"
| #define PACKAGE_VERSION "1.3.1.pre1"
| #define PACKAGE_STRING "libva 1.3.1.pre1"
| #define PACKAGE_BUGREPORT "waldo.bastian@intel.com"
| #define PACKAGE_URL ""
| #define PACKAGE "libva"
| #define VERSION "1.3.1.pre1"
| #define STDC_HEADERS 1
| #define HAVE_SYS_TYPES_H 1
| #define HAVE_SYS_STAT_H 1
| #define HAVE_STDLIB_H 1
| #define HAVE_STRING_H 1
| #define HAVE_MEMORY_H 1
| #define HAVE_STRINGS_H 1
| #define HAVE_INTTYPES_H 1
| #define HAVE_STDINT_H 1
| #define HAVE_UNISTD_H 1
| #define HAVE_DLFCN_H 1
| #define LT_OBJDIR ".libs/"
| #define STDC_HEADERS 1
| #define _FILE_OFFSET_BITS 64
| #define HAVE_GNUC_VISIBILITY_ATTRIBUTE 1
| #define HAVE_VA_DRM 1
| #define HAVE_VA_X11 1
| #define HAVE_GL_GL_H 1
| #define HAVE_GL_GLX_H 1
| #define HAVE_VA_GLX 1
| /* end confdefs.h.  */
| 
| /* Override any GCC internal prototype to avoid an error.
|    Use char because int might match the return type of a GCC
|    builtin and then its argument prototype would still apply.  */
| #ifdef __cplusplus
| extern "C"
| #endif
| char eglGetDisplay ();
| int
| main ()
| {
| return eglGetDisplay ();
|   ;
|   return 0;
| }
configure:17222: result: no
configure:17255: checking for WAYLAND
configure:17262: $PKG_CONFIG --exists --print-errors "wayland-client >= 1.0.0"
Package wayland-client was not found in the pkg-config search path.
Perhaps you should add the directory containing `wayland-client.pc'
to the PKG_CONFIG_PATH environment variable
No package 'wayland-client' found
configure:17265: $? = 1
configure:17279: $PKG_CONFIG --exists --print-errors "wayland-client >= 1.0.0"
Package wayland-client was not found in the pkg-config search path.
Perhaps you should add the directory containing `wayland-client.pc'
to the PKG_CONFIG_PATH environment variable
No package 'wayland-client' found
configure:17282: $? = 1
configure:17296: result: no
No package 'wayland-client' found
configure:17525: creating ./config.status

## ---------------------- ##
## Running config.status. ##
## ---------------------- ##

This file was extended by libva config.status 1.3.1.pre1, which was
generated by GNU Autoconf 2.68.  Invocation command line was

  CONFIG_FILES    = 
  CONFIG_HEADERS  = 
  CONFIG_LINKS    = 
  CONFIG_COMMANDS = 
  $ ./config.status 

on sijiewang-danoo

config.status:1246: creating Makefile
config.status:1246: creating debian.upstream/Makefile
config.status:1246: creating debian.upstream/changelog
config.status:1246: creating debian.upstream/control
config.status:1246: creating debian.upstream/libva1.install
config.status:1246: creating debian.upstream/libva-drm1.install
config.status:1246: creating debian.upstream/libva-egl1.install
config.status:1246: creating debian.upstream/libva-glx1.install
config.status:1246: creating debian.upstream/libva-wayland1.install
config.status:1246: creating debian.upstream/libva-x11-1.install
config.status:1246: creating doc/Makefile
config.status:1246: creating dummy_drv_video/Makefile
config.status:1246: creating pkgconfig/Makefile
config.status:1246: creating pkgconfig/libva-drm.pc
config.status:1246: creating pkgconfig/libva-egl.pc
config.status:1246: creating pkgconfig/libva-glx.pc
config.status:1246: creating pkgconfig/libva-tpi.pc
config.status:1246: creating pkgconfig/libva-wayland.pc
config.status:1246: creating pkgconfig/libva-x11.pc
config.status:1246: creating pkgconfig/libva.pc
config.status:1246: creating test/Makefile
config.status:1246: creating test/basic/Makefile
config.status:1246: creating test/common/Makefile
config.status:1246: creating test/decode/Makefile
config.status:1246: creating test/encode/Makefile
config.status:1246: creating test/putsurface/Makefile
config.status:1246: creating test/vainfo/Makefile
config.status:1246: creating va/Makefile
config.status:1246: creating va/drm/Makefile
config.status:1246: creating va/egl/Makefile
config.status:1246: creating va/glx/Makefile
config.status:1246: creating va/va_version.h
config.status:1246: creating va/wayland/Makefile
config.status:1246: creating va/wayland/protocol/Makefile
config.status:1246: creating va/x11/Makefile
config.status:1246: creating config.h
config.status:1427: config.h is unchanged
config.status:1475: executing depfiles commands
config.status:1475: executing libtool commands

## ---------------- ##
## Cache variables. ##
## ---------------- ##

ac_cv_build=i686-pc-linux-gnu
ac_cv_c_compiler_gnu=yes
ac_cv_cxx_compiler_gnu=yes
ac_cv_env_CCC_set=
ac_cv_env_CCC_value=
ac_cv_env_CC_set=
ac_cv_env_CC_value=
ac_cv_env_CFLAGS_set=
ac_cv_env_CFLAGS_value=
ac_cv_env_CPPFLAGS_set=
ac_cv_env_CPPFLAGS_value=
ac_cv_env_CPP_set=
ac_cv_env_CPP_value=
ac_cv_env_CXXCPP_set=
ac_cv_env_CXXCPP_value=
ac_cv_env_CXXFLAGS_set=
ac_cv_env_CXXFLAGS_value=
ac_cv_env_CXX_set=
ac_cv_env_CXX_value=
ac_cv_env_DRM_CFLAGS_set=
ac_cv_env_DRM_CFLAGS_value=
ac_cv_env_DRM_LIBS_set=
ac_cv_env_DRM_LIBS_value=
ac_cv_env_EGL_CFLAGS_set=
ac_cv_env_EGL_CFLAGS_value=
ac_cv_env_EGL_LIBS_set=
ac_cv_env_EGL_LIBS_value=
ac_cv_env_GLX_CFLAGS_set=
ac_cv_env_GLX_CFLAGS_value=
ac_cv_env_GLX_LIBS_set=
ac_cv_env_GLX_LIBS_value=
ac_cv_env_LDFLAGS_set=
ac_cv_env_LDFLAGS_value=
ac_cv_env_LIBS_set=
ac_cv_env_LIBS_value=
ac_cv_env_PKG_CONFIG_LIBDIR_set=
ac_cv_env_PKG_CONFIG_LIBDIR_value=
ac_cv_env_PKG_CONFIG_PATH_set=
ac_cv_env_PKG_CONFIG_PATH_value=
ac_cv_env_PKG_CONFIG_set=
ac_cv_env_PKG_CONFIG_value=
ac_cv_env_WAYLAND_CFLAGS_set=
ac_cv_env_WAYLAND_CFLAGS_value=
ac_cv_env_WAYLAND_LIBS_set=
ac_cv_env_WAYLAND_LIBS_value=
ac_cv_env_X11_CFLAGS_set=
ac_cv_env_X11_CFLAGS_value=
ac_cv_env_X11_LIBS_set=
ac_cv_env_X11_LIBS_value=
ac_cv_env_XEXT_CFLAGS_set=
ac_cv_env_XEXT_CFLAGS_value=
ac_cv_env_XEXT_LIBS_set=
ac_cv_env_XEXT_LIBS_value=
ac_cv_env_XFIXES_CFLAGS_set=
ac_cv_env_XFIXES_CFLAGS_value=
ac_cv_env_XFIXES_LIBS_set=
ac_cv_env_XFIXES_LIBS_value=
ac_cv_env_build_alias_set=
ac_cv_env_build_alias_value=
ac_cv_env_host_alias_set=
ac_cv_env_host_alias_value=
ac_cv_env_target_alias_set=
ac_cv_env_target_alias_value=
ac_cv_have_gnuc_visibility_attribute=yes
ac_cv_header_EGL_egl_h=no
ac_cv_header_GL_gl_h=yes
ac_cv_header_GL_glx_h=yes
ac_cv_header_dlfcn_h=yes
ac_cv_header_inttypes_h=yes
ac_cv_header_memory_h=yes
ac_cv_header_stdc=yes
ac_cv_header_stdint_h=yes
ac_cv_header_stdlib_h=yes
ac_cv_header_string_h=yes
ac_cv_header_strings_h=yes
ac_cv_header_sys_stat_h=yes
ac_cv_header_sys_types_h=yes
ac_cv_header_unistd_h=yes
ac_cv_host=i686-pc-linux-gnu
ac_cv_lib_EGL_eglGetDisplay=no
ac_cv_lib_GL_glXCreateContext=yes
ac_cv_objext=o
ac_cv_path_EGREP='/bin/grep -E'
ac_cv_path_FGREP='/bin/grep -F'
ac_cv_path_GREP=/bin/grep
ac_cv_path_SED=/bin/sed
ac_cv_path_ac_pt_PKG_CONFIG=/usr/bin/pkg-config
ac_cv_path_install='/usr/bin/install -c'
ac_cv_path_mkdir=/bin/mkdir
ac_cv_prog_AWK=mawk
ac_cv_prog_CPP='gcc -E'
ac_cv_prog_CXXCPP='g++ -E'
ac_cv_prog_ac_ct_AR=ar
ac_cv_prog_ac_ct_CC=gcc
ac_cv_prog_ac_ct_CXX=g++
ac_cv_prog_ac_ct_MANIFEST_TOOL=mt
ac_cv_prog_ac_ct_OBJDUMP=objdump
ac_cv_prog_ac_ct_RANLIB=ranlib
ac_cv_prog_ac_ct_STRIP=strip
ac_cv_prog_cc_c89=
ac_cv_prog_cc_g=yes
ac_cv_prog_cc_gcc_c_o=yes
ac_cv_prog_cxx_g=yes
ac_cv_prog_make_make_set=yes
ac_cv_sys_file_offset_bits=64
ac_cv_sys_largefile_CC=no
am_cv_CC_dependencies_compiler_type=gcc3
am_cv_CXX_dependencies_compiler_type=gcc3
am_cv_make_support_nested_variables=yes
lt_cv_ar_at_file=@
lt_cv_archive_cmds_need_lc=no
lt_cv_deplibs_check_method=pass_all
lt_cv_file_magic_cmd='$MAGIC_CMD'
lt_cv_file_magic_test_file=
lt_cv_ld_reload_flag=-r
lt_cv_nm_interface='BSD nm'
lt_cv_objdir=.libs
lt_cv_path_LD=/usr/bin/ld
lt_cv_path_LDCXX=/usr/bin/ld
lt_cv_path_NM='/usr/bin/nm -B'
lt_cv_path_mainfest_tool=no
lt_cv_prog_compiler_c_o=yes
lt_cv_prog_compiler_c_o_CXX=yes
lt_cv_prog_compiler_pic='-fPIC -DPIC'
lt_cv_prog_compiler_pic_CXX='-fPIC -DPIC'
lt_cv_prog_compiler_pic_works=yes
lt_cv_prog_compiler_pic_works_CXX=yes
lt_cv_prog_compiler_rtti_exceptions=no
lt_cv_prog_compiler_static_works=yes
lt_cv_prog_compiler_static_works_CXX=yes
lt_cv_prog_gnu_ld=yes
lt_cv_prog_gnu_ldcxx=yes
lt_cv_sharedlib_from_linklib_cmd='printf %s\n'
lt_cv_shlibpath_overrides_runpath=no
lt_cv_sys_global_symbol_pipe='sed -n -e '\''s/^.*[	 ]\([ABCDGIRSTW][ABCDGIRSTW]*\)[	 ][	 ]*\([_A-Za-z][_A-Za-z0-9]*\)$/\1 \2 \2/p'\'' | sed '\''/ __gnu_lto/d'\'''
lt_cv_sys_global_symbol_to_c_name_address='sed -n -e '\''s/^: \([^ ]*\)[ ]*$/  {\"\1\", (void *) 0},/p'\'' -e '\''s/^[ABCDGIRSTW]* \([^ ]*\) \([^ ]*\)$/  {"\2", (void *) \&\2},/p'\'''
lt_cv_sys_global_symbol_to_c_name_address_lib_prefix='sed -n -e '\''s/^: \([^ ]*\)[ ]*$/  {\"\1\", (void *) 0},/p'\'' -e '\''s/^[ABCDGIRSTW]* \([^ ]*\) \(lib[^ ]*\)$/  {"\2", (void *) \&\2},/p'\'' -e '\''s/^[ABCDGIRSTW]* \([^ ]*\) \([^ ]*\)$/  {"lib\2", (void *) \&\2},/p'\'''
lt_cv_sys_global_symbol_to_cdecl='sed -n -e '\''s/^T .* \(.*\)$/extern int \1();/p'\'' -e '\''s/^[ABCDGIRSTW]* .* \(.*\)$/extern char \1;/p'\'''
lt_cv_sys_max_cmd_len=1572864
lt_cv_to_host_file_cmd=func_convert_file_noop
lt_cv_to_tool_file_cmd=func_convert_file_noop
pkg_cv_DRM_CFLAGS='-I/usr/include/libdrm  '
pkg_cv_DRM_LIBS='-ldrm  '
pkg_cv_GLX_CFLAGS=' '
pkg_cv_GLX_LIBS='-lGL -lX11  '
pkg_cv_X11_CFLAGS=' '
pkg_cv_X11_LIBS='-lX11  '
pkg_cv_XEXT_CFLAGS=' '
pkg_cv_XEXT_LIBS='-lXext  '
pkg_cv_XFIXES_CFLAGS=' '
pkg_cv_XFIXES_LIBS='-lXfixes  '

## ----------------- ##
## Output variables. ##
## ----------------- ##

ACLOCAL='${SHELL} /home/sijiewang/Projects/VAAPI/libva/missing --run aclocal-1.11'
AMDEPBACKSLASH='\'
AMDEP_FALSE='#'
AMDEP_TRUE=''
AMTAR='$${TAR-tar}'
AM_BACKSLASH='\'
AM_DEFAULT_V='$(AM_DEFAULT_VERBOSITY)'
AM_DEFAULT_VERBOSITY='0'
AM_V='$(V)'
AR='ar'
AUTOCONF='${SHELL} /home/sijiewang/Projects/VAAPI/libva/missing --run autoconf'
AUTOHEADER='${SHELL} /home/sijiewang/Projects/VAAPI/libva/missing --run autoheader'
AUTOMAKE='${SHELL} /home/sijiewang/Projects/VAAPI/libva/missing --run automake-1.11'
AWK='mawk'
BUILD_DUMMY_DRIVER_FALSE='#'
BUILD_DUMMY_DRIVER_TRUE=''
CC='gcc'
CCDEPMODE='depmode=gcc3'
CFLAGS='-g -O2'
CPP='gcc -E'
CPPFLAGS=''
CXX='g++'
CXXCPP='g++ -E'
CXXDEPMODE='depmode=gcc3'
CXXFLAGS='-g -O2'
CYGPATH_W='echo'
DEFS='-DHAVE_CONFIG_H'
DEPDIR='.deps'
DLLTOOL='false'
DOXYGEN=''
DRM_CFLAGS='-I/usr/include/libdrm  '
DRM_LIBS='-ldrm  '
DSYMUTIL=''
DUMPBIN=''
ECHO_C=''
ECHO_N='-n'
ECHO_T=''
EGL_CFLAGS=''
EGL_LIBS=''
EGREP='/bin/grep -E'
ENABLE_DOCS_FALSE=''
ENABLE_DOCS_TRUE='#'
EXEEXT=''
FGREP='/bin/grep -F'
GLX_CFLAGS=' '
GLX_LIBS='-lGL -lX11  '
GREP='/bin/grep'
INSTALL_DATA='${INSTALL} -m 644'
INSTALL_PROGRAM='${INSTALL}'
INSTALL_SCRIPT='${INSTALL}'
INSTALL_STRIP_PROGRAM='$(install_sh) -c -s'
LD='/usr/bin/ld'
LDFLAGS=''
LIBDRM_VERSION='2.4'
LIBOBJS=''
LIBS=''
LIBTOOL='$(SHELL) $(top_builddir)/libtool'
LIBVA_DRIVERS_PATH='${exec_prefix}/lib/dri'
LIBVA_LT_LDFLAGS='-version-info 3501:0:3500'
LIBVA_LT_VERSION='3501:0:3500'
LIBVA_MAJOR_VERSION='1'
LIBVA_MICRO_VERSION='1'
LIBVA_MINOR_VERSION='3'
LIBVA_VERSION='1.3.1.pre1'
LIPO=''
LN_S='ln -s'
LTLIBOBJS=''
MAKEINFO='${SHELL} /home/sijiewang/Projects/VAAPI/libva/missing --run makeinfo'
MANIFEST_TOOL=':'
MKDIR_P='/bin/mkdir -p'
NM='/usr/bin/nm -B'
NMEDIT=''
OBJDUMP='objdump'
OBJEXT='o'
OTOOL64=''
OTOOL=''
PACKAGE='libva'
PACKAGE_BUGREPORT='waldo.bastian@intel.com'
PACKAGE_NAME='libva'
PACKAGE_STRING='libva 1.3.1.pre1'
PACKAGE_TARNAME='libva'
PACKAGE_URL=''
PACKAGE_VERSION='1.3.1.pre1'
PATH_SEPARATOR=':'
PKG_CONFIG='/usr/bin/pkg-config'
PKG_CONFIG_LIBDIR=''
PKG_CONFIG_PATH=''
RANLIB='ranlib'
SED='/bin/sed'
SET_MAKE=''
SHELL='/bin/bash'
STRIP='strip'
TODAY='Sun, 04 May 2014 02:00:27 +0800'
USE_DRM_FALSE='#'
USE_DRM_TRUE=''
USE_EGL_FALSE=''
USE_EGL_TRUE='#'
USE_GLX_FALSE='#'
USE_GLX_TRUE=''
USE_WAYLAND_FALSE=''
USE_WAYLAND_TRUE='#'
USE_X11_FALSE='#'
USE_X11_TRUE=''
VA_API_MAJOR_VERSION='0'
VA_API_MICRO_VERSION='0'
VA_API_MINOR_VERSION='35'
VA_API_VERSION='0.35.0'
VERSION='1.3.1.pre1'
WAYLAND_API_VERSION='1.0.0'
WAYLAND_CFLAGS=''
WAYLAND_LIBS=''
X11_CFLAGS=' '
X11_LIBS='-lX11  '
XEXT_CFLAGS=' '
XEXT_LIBS='-lXext  '
XFIXES_CFLAGS=' '
XFIXES_LIBS='-lXfixes  '
ac_ct_AR='ar'
ac_ct_CC='gcc'
ac_ct_CXX='g++'
ac_ct_DUMPBIN=''
am__EXEEXT_FALSE=''
am__EXEEXT_TRUE='#'
am__fastdepCC_FALSE='#'
am__fastdepCC_TRUE=''
am__fastdepCXX_FALSE='#'
am__fastdepCXX_TRUE=''
am__include='include'
am__isrc=''
am__leading_dot='.'
am__nodep='_no'
am__quote=''
am__tar='$${TAR-tar} chof - "$$tardir"'
am__untar='$${TAR-tar} xf -'
bindir='${exec_prefix}/bin'
build='i686-pc-linux-gnu'
build_alias=''
build_cpu='i686'
build_os='linux-gnu'
build_vendor='pc'
datadir='${datarootdir}'
datarootdir='${prefix}/share'
docdir='${datarootdir}/doc/${PACKAGE_TARNAME}'
dvidir='${docdir}'
exec_prefix='${prefix}'
host='i686-pc-linux-gnu'
host_alias=''
host_cpu='i686'
host_os='linux-gnu'
host_vendor='pc'
htmldir='${docdir}'
includedir='${prefix}/include'
infodir='${datarootdir}/info'
install_sh='${SHELL} /home/sijiewang/Projects/VAAPI/libva/install-sh'
libdir='${exec_prefix}/lib'
libexecdir='${exec_prefix}/libexec'
localedir='${datarootdir}/locale'
localstatedir='${prefix}/var'
mandir='${datarootdir}/man'
mkdir_p='/bin/mkdir -p'
oldincludedir='/usr/include'
pdfdir='${docdir}'
pkgconfigdir='${exec_prefix}/lib/pkgconfig'
prefix='/usr/local'
program_transform_name='s,x,x,'
psdir='${docdir}'
sbindir='${exec_prefix}/sbin'
sharedstatedir='${prefix}/com'
sysconfdir='${prefix}/etc'
target_alias=''
wayland_scanner_rules=''

## ----------- ##
## confdefs.h. ##
## ----------- ##

/* confdefs.h */
#define PACKAGE_NAME "libva"
#define PACKAGE_TARNAME "libva"
#define PACKAGE_VERSION "1.3.1.pre1"
#define PACKAGE_STRING "libva 1.3.1.pre1"
#define PACKAGE_BUGREPORT "waldo.bastian@intel.com"
#define PACKAGE_URL ""
#define PACKAGE "libva"
#define VERSION "1.3.1.pre1"
#define STDC_HEADERS 1
#define HAVE_SYS_TYPES_H 1
#define HAVE_SYS_STAT_H 1
#define HAVE_STDLIB_H 1
#define HAVE_STRING_H 1
#define HAVE_MEMORY_H 1
#define HAVE_STRINGS_H 1
#define HAVE_INTTYPES_H 1
#define HAVE_STDINT_H 1
#define HAVE_UNISTD_H 1
#define HAVE_DLFCN_H 1
#define LT_OBJDIR ".libs/"
#define STDC_HEADERS 1
#define _FILE_OFFSET_BITS 64
#define HAVE_GNUC_VISIBILITY_ATTRIBUTE 1
#define HAVE_VA_DRM 1
#define HAVE_VA_X11 1
#define HAVE_GL_GL_H 1
#define HAVE_GL_GLX_H 1
#define HAVE_VA_GLX 1
#define VA_DRIVER_INIT_FUNC __vaDriverInit_0_35

configure: exit 0
