This file contains any messages produced by compilers while
running configure, to aid debugging if configure makes a mistake.

It was created by hwdecode_demos configure 0.9.6.pre1, which was
generated by GNU Autoconf 2.68.  Invocation command line was

  $ ./configure 

## --------- ##
## Platform. ##
## --------- ##

hostname = sijiewang-danoo
uname -m = i686
uname -r = 3.2.0-30-generic-pae
uname -s = Linux
uname -v = #48-Ubuntu SMP Fri Aug 24 17:14:09 UTC 2012

/usr/bin/uname -p = unknown
/bin/uname -X     = unknown

/bin/arch              = unknown
/usr/bin/arch -k       = unknown
/usr/convex/getsysinfo = unknown
/usr/bin/hostinfo      = unknown
/bin/machine           = unknown
/usr/bin/oslevel       = unknown
/bin/universe          = unknown

PATH: /home/sijiewang/bin
PATH: /opt/jdk1.6.0_31/bin
PATH: /opt/jdk1.6.0_31/jre/bin
PATH: /usr/local/sbin
PATH: /usr/local/bin
PATH: /usr/sbin
PATH: /usr/bin
PATH: /sbin
PATH: /bin
PATH: /usr/games
PATH: /home/sijiewang/android-sdks
PATH: /home/sijiewang/android-sdks/platform-tools
PATH: /home/sijiewang/android-sdks/tools
PATH: /home/sijiewang/android-toolchain/arm-eabi-4.4.0/bin
PATH: /usr/local/bin


## ----------- ##
## Core tests. ##
## ----------- ##

configure:2407: checking for a BSD-compatible install
configure:2475: result: /usr/bin/install -c
configure:2486: checking whether build environment is sane
configure:2536: result: yes
configure:2677: checking for a thread-safe mkdir -p
configure:2716: result: /bin/mkdir -p
configure:2729: checking for gawk
configure:2759: result: no
configure:2729: checking for mawk
configure:2745: found /usr/bin/mawk
configure:2756: result: mawk
configure:2767: checking whether make sets $(MAKE)
configure:2789: result: yes
configure:2900: checking whether make supports nested variables
configure:2917: result: yes
configure:3056: checking build system type
configure:3070: result: i686-pc-linux-gnu
configure:3090: checking host system type
configure:3103: result: i686-pc-linux-gnu
configure:3144: checking how to print strings
configure:3171: result: printf
configure:3204: checking for style of include used by make
configure:3232: result: GNU
configure:3303: checking for gcc
configure:3319: found /usr/bin/gcc
configure:3330: result: gcc
configure:3559: checking for C compiler version
configure:3568: gcc --version >&5
gcc (Ubuntu/Linaro 4.6.3-1ubuntu5) 4.6.3
Copyright (C) 2011 Free Software Foundation, Inc.
This is free software; see the source for copying conditions.  There is NO
warranty; not even for MERCHANTABILITY or FITNESS FOR A PARTICULAR PURPOSE.

configure:3579: $? = 0
configure:3568: gcc -v >&5
Using built-in specs.
COLLECT_GCC=gcc
COLLECT_LTO_WRAPPER=/usr/lib/gcc/i686-linux-gnu/4.6/lto-wrapper
Target: i686-linux-gnu
Configured with: ../src/configure -v --with-pkgversion='Ubuntu/Linaro 4.6.3-1ubuntu5' --with-bugurl=file:///usr/share/doc/gcc-4.6/README.Bugs --enable-languages=c,c++,fortran,objc,obj-c++ --prefix=/usr --program-suffix=-4.6 --enable-shared --enable-linker-build-id --with-system-zlib --libexecdir=/usr/lib --without-included-gettext --enable-threads=posix --with-gxx-include-dir=/usr/include/c++/4.6 --libdir=/usr/lib --enable-nls --with-sysroot=/ --enable-clocale=gnu --enable-libstdcxx-debug --enable-libstdcxx-time=yes --enable-gnu-unique-object --enable-plugin --enable-objc-gc --enable-targets=all --disable-werror --with-arch-32=i686 --with-tune=generic --enable-checking=release --build=i686-linux-gnu --host=i686-linux-gnu --target=i686-linux-gnu
Thread model: posix
gcc version 4.6.3 (Ubuntu/Linaro 4.6.3-1ubuntu5) 
configure:3579: $? = 0
configure:3568: gcc -V >&5
gcc: error: unrecognized option '-V'
gcc: fatal error: no input files
compilation terminated.
configure:3579: $? = 4
configure:3568: gcc -qversion >&5
gcc: error: unrecognized option '-qversion'
gcc: fatal error: no input files
compilation terminated.
configure:3579: $? = 4
configure:3599: checking whether the C compiler works
configure:3621: gcc    conftest.c  >&5
configure:3625: $? = 0
configure:3673: result: yes
configure:3676: checking for C compiler default output file name
configure:3678: result: a.out
configure:3684: checking for suffix of executables
configure:3691: gcc -o conftest    conftest.c  >&5
configure:3695: $? = 0
configure:3717: result: 
configure:3739: checking whether we are cross compiling
configure:3747: gcc -o conftest    conftest.c  >&5
configure:3751: $? = 0
configure:3758: ./conftest
configure:3762: $? = 0
configure:3777: result: no
configure:3782: checking for suffix of object files
configure:3804: gcc -c   conftest.c >&5
configure:3808: $? = 0
configure:3829: result: o
configure:3833: checking whether we are using the GNU C compiler
configure:3852: gcc -c   conftest.c >&5
configure:3852: $? = 0
configure:3861: result: yes
configure:3870: checking whether gcc accepts -g
configure:3890: gcc -c -g  conftest.c >&5
configure:3890: $? = 0
configure:3931: result: yes
configure:3948: checking for gcc option to accept ISO C89
configure:4012: gcc  -c -g -O2  conftest.c >&5
configure:4012: $? = 0
configure:4025: result: none needed
configure:4047: checking dependency style of gcc
configure:4158: result: gcc3
configure:4173: checking for a sed that does not truncate output
configure:4237: result: /bin/sed
configure:4255: checking for grep that handles long lines and -e
configure:4313: result: /bin/grep
configure:4318: checking for egrep
configure:4380: result: /bin/grep -E
configure:4385: checking for fgrep
configure:4447: result: /bin/grep -F
configure:4482: checking for ld used by gcc
configure:4549: result: /usr/bin/ld
configure:4556: checking if the linker (/usr/bin/ld) is GNU ld
configure:4571: result: yes
configure:4583: checking for BSD- or MS-compatible name lister (nm)
configure:4632: result: /usr/bin/nm -B
configure:4762: checking the name lister (/usr/bin/nm -B) interface
configure:4769: gcc -c -g -O2  conftest.c >&5
configure:4772: /usr/bin/nm -B "conftest.o"
configure:4775: output
00000000 B some_variable
configure:4782: result: BSD nm
configure:4785: checking whether ln -s works
configure:4789: result: yes
configure:4797: checking the maximum length of command line arguments
configure:4927: result: 1572864
configure:4944: checking whether the shell understands some XSI constructs
configure:4954: result: yes
configure:4958: checking whether the shell understands "+="
configure:4964: result: yes
configure:4999: checking how to convert i686-pc-linux-gnu file names to i686-pc-linux-gnu format
configure:5039: result: func_convert_file_noop
configure:5046: checking how to convert i686-pc-linux-gnu file names to toolchain format
configure:5066: result: func_convert_file_noop
configure:5073: checking for /usr/bin/ld option to reload object files
configure:5080: result: -r
configure:5154: checking for objdump
configure:5170: found /usr/bin/objdump
configure:5181: result: objdump
configure:5213: checking how to recognize dependent libraries
configure:5415: result: pass_all
configure:5500: checking for dlltool
configure:5530: result: no
configure:5560: checking how to associate runtime and link libraries
configure:5587: result: printf %s\n
configure:5648: checking for ar
configure:5664: found /usr/bin/ar
configure:5675: result: ar
configure:5712: checking for archiver @FILE support
configure:5729: gcc -c -g -O2  conftest.c >&5
configure:5729: $? = 0
configure:5732: ar cru libconftest.a @conftest.lst >&5
configure:5735: $? = 0
configure:5740: ar cru libconftest.a @conftest.lst >&5
ar: conftest.o: No such file or directory
configure:5743: $? = 1
configure:5755: result: @
configure:5813: checking for strip
configure:5829: found /usr/bin/strip
configure:5840: result: strip
configure:5912: checking for ranlib
configure:5928: found /usr/bin/ranlib
configure:5939: result: ranlib
configure:6041: checking command to parse /usr/bin/nm -B output from gcc object
configure:6161: gcc -c -g -O2  conftest.c >&5
configure:6164: $? = 0
configure:6168: /usr/bin/nm -B conftest.o \| sed -n -e 's/^.*[ ]\([ABCDGIRSTW][ABCDGIRSTW]*\)[ ][ ]*\([_A-Za-z][_A-Za-z0-9]*\)$/\1 \2 \2/p' | sed '/ __gnu_lto/d' \> conftest.nm
configure:6171: $? = 0
configure:6237: gcc -o conftest -g -O2   conftest.c conftstm.o >&5
configure:6240: $? = 0
configure:6278: result: ok
configure:6315: checking for sysroot
configure:6345: result: no
configure:6601: checking for mt
configure:6617: found /bin/mt
configure:6628: result: mt
configure:6651: checking if mt is a manifest tool
configure:6657: mt '-?'
configure:6665: result: no
configure:7307: checking how to run the C preprocessor
configure:7338: gcc -E  conftest.c
configure:7338: $? = 0
configure:7352: gcc -E  conftest.c
conftest.c:15:28: fatal error: ac_nonexistent.h: No such file or directory
compilation terminated.
configure:7352: $? = 1
configure: failed program was:
| /* confdefs.h */
| #define PACKAGE_NAME "hwdecode_demos"
| #define PACKAGE_TARNAME "hwdecode-demos"
| #define PACKAGE_VERSION "0.9.6.pre1"
| #define PACKAGE_STRING "hwdecode_demos 0.9.6.pre1"
| #define PACKAGE_BUGREPORT "gbeauchesne@splitted-desktop.com"
| #define PACKAGE_URL ""
| #define PACKAGE "hwdecode-demos"
| #define VERSION "0.9.6.pre1"
| #define HWDECODE_DEMOS_MAJOR_VERSION 0
| #define HWDECODE_DEMOS_MINOR_VERSION 9
| #define HWDECODE_DEMOS_MICRO_VERSION 6
| #define HWDECODE_DEMOS_PRE_VERSION 1
| /* end confdefs.h.  */
| #include <ac_nonexistent.h>
configure:7377: result: gcc -E
configure:7397: gcc -E  conftest.c
configure:7397: $? = 0
configure:7411: gcc -E  conftest.c
conftest.c:15:28: fatal error: ac_nonexistent.h: No such file or directory
compilation terminated.
configure:7411: $? = 1
configure: failed program was:
| /* confdefs.h */
| #define PACKAGE_NAME "hwdecode_demos"
| #define PACKAGE_TARNAME "hwdecode-demos"
| #define PACKAGE_VERSION "0.9.6.pre1"
| #define PACKAGE_STRING "hwdecode_demos 0.9.6.pre1"
| #define PACKAGE_BUGREPORT "gbeauchesne@splitted-desktop.com"
| #define PACKAGE_URL ""
| #define PACKAGE "hwdecode-demos"
| #define VERSION "0.9.6.pre1"
| #define HWDECODE_DEMOS_MAJOR_VERSION 0
| #define HWDECODE_DEMOS_MINOR_VERSION 9
| #define HWDECODE_DEMOS_MICRO_VERSION 6
| #define HWDECODE_DEMOS_PRE_VERSION 1
| /* end confdefs.h.  */
| #include <ac_nonexistent.h>
configure:7440: checking for ANSI C header files
configure:7460: gcc -c -g -O2  conftest.c >&5
configure:7460: $? = 0
configure:7533: gcc -o conftest -g -O2   conftest.c  >&5
configure:7533: $? = 0
configure:7533: ./conftest
configure:7533: $? = 0
configure:7544: result: yes
configure:7557: checking for sys/types.h
configure:7557: gcc -c -g -O2  conftest.c >&5
configure:7557: $? = 0
configure:7557: result: yes
configure:7557: checking for sys/stat.h
configure:7557: gcc -c -g -O2  conftest.c >&5
configure:7557: $? = 0
configure:7557: result: yes
configure:7557: checking for stdlib.h
configure:7557: gcc -c -g -O2  conftest.c >&5
configure:7557: $? = 0
configure:7557: result: yes
configure:7557: checking for string.h
configure:7557: gcc -c -g -O2  conftest.c >&5
configure:7557: $? = 0
configure:7557: result: yes
configure:7557: checking for memory.h
configure:7557: gcc -c -g -O2  conftest.c >&5
configure:7557: $? = 0
configure:7557: result: yes
configure:7557: checking for strings.h
configure:7557: gcc -c -g -O2  conftest.c >&5
configure:7557: $? = 0
configure:7557: result: yes
configure:7557: checking for inttypes.h
configure:7557: gcc -c -g -O2  conftest.c >&5
configure:7557: $? = 0
configure:7557: result: yes
configure:7557: checking for stdint.h
configure:7557: gcc -c -g -O2  conftest.c >&5
configure:7557: $? = 0
configure:7557: result: yes
configure:7557: checking for unistd.h
configure:7557: gcc -c -g -O2  conftest.c >&5
configure:7557: $? = 0
configure:7557: result: yes
configure:7571: checking for dlfcn.h
configure:7571: gcc -c -g -O2  conftest.c >&5
configure:7571: $? = 0
configure:7571: result: yes
configure:7747: checking for objdir
configure:7762: result: .libs
configure:8029: checking if gcc supports -fno-rtti -fno-exceptions
configure:8047: gcc -c -g -O2  -fno-rtti -fno-exceptions conftest.c >&5
cc1: warning: command line option '-fno-rtti' is valid for C++/ObjC++ but not for C [enabled by default]
configure:8051: $? = 0
configure:8064: result: no
configure:8391: checking for gcc option to produce PIC
configure:8398: result: -fPIC -DPIC
configure:8406: checking if gcc PIC flag -fPIC -DPIC works
configure:8424: gcc -c -g -O2  -fPIC -DPIC -DPIC conftest.c >&5
configure:8428: $? = 0
configure:8441: result: yes
configure:8470: checking if gcc static flag -static works
configure:8498: result: yes
configure:8513: checking if gcc supports -c -o file.o
configure:8534: gcc -c -g -O2  -o out/conftest2.o conftest.c >&5
configure:8538: $? = 0
configure:8560: result: yes
configure:8568: checking if gcc supports -c -o file.o
configure:8615: result: yes
configure:8648: checking whether the gcc linker (/usr/bin/ld) supports shared libraries
configure:9805: result: yes
configure:9842: checking whether -lc should be explicitly linked in
configure:9850: gcc -c -g -O2  conftest.c >&5
configure:9853: $? = 0
configure:9868: gcc -shared  -fPIC -DPIC conftest.o  -v -Wl,-soname -Wl,conftest -o conftest 2\>\&1 \| /bin/grep  -lc  \>/dev/null 2\>\&1
configure:9871: $? = 0
configure:9885: result: no
configure:10045: checking dynamic linker characteristics
configure:10556: gcc -o conftest -g -O2   -Wl,-rpath -Wl,/foo conftest.c  >&5
configure:10556: $? = 0
configure:10790: result: GNU/Linux ld.so
configure:10897: checking how to hardcode library paths into programs
configure:10922: result: immediate
configure:11462: checking whether stripping libraries is possible
configure:11467: result: yes
configure:11502: checking if libtool supports shared libraries
configure:11504: result: yes
configure:11507: checking whether to build shared libraries
configure:11528: result: yes
configure:11531: checking whether to build static libraries
configure:11535: result: no
configure:11620: checking for gcc
configure:11647: result: gcc
configure:11876: checking for C compiler version
configure:11885: gcc --version >&5
gcc (Ubuntu/Linaro 4.6.3-1ubuntu5) 4.6.3
Copyright (C) 2011 Free Software Foundation, Inc.
This is free software; see the source for copying conditions.  There is NO
warranty; not even for MERCHANTABILITY or FITNESS FOR A PARTICULAR PURPOSE.

configure:11896: $? = 0
configure:11885: gcc -v >&5
Using built-in specs.
COLLECT_GCC=gcc
COLLECT_LTO_WRAPPER=/usr/lib/gcc/i686-linux-gnu/4.6/lto-wrapper
Target: i686-linux-gnu
Configured with: ../src/configure -v --with-pkgversion='Ubuntu/Linaro 4.6.3-1ubuntu5' --with-bugurl=file:///usr/share/doc/gcc-4.6/README.Bugs --enable-languages=c,c++,fortran,objc,obj-c++ --prefix=/usr --program-suffix=-4.6 --enable-shared --enable-linker-build-id --with-system-zlib --libexecdir=/usr/lib --without-included-gettext --enable-threads=posix --with-gxx-include-dir=/usr/include/c++/4.6 --libdir=/usr/lib --enable-nls --with-sysroot=/ --enable-clocale=gnu --enable-libstdcxx-debug --enable-libstdcxx-time=yes --enable-gnu-unique-object --enable-plugin --enable-objc-gc --enable-targets=all --disable-werror --with-arch-32=i686 --with-tune=generic --enable-checking=release --build=i686-linux-gnu --host=i686-linux-gnu --target=i686-linux-gnu
Thread model: posix
gcc version 4.6.3 (Ubuntu/Linaro 4.6.3-1ubuntu5) 
configure:11896: $? = 0
configure:11885: gcc -V >&5
gcc: error: unrecognized option '-V'
gcc: fatal error: no input files
compilation terminated.
configure:11896: $? = 4
configure:11885: gcc -qversion >&5
gcc: error: unrecognized option '-qversion'
gcc: fatal error: no input files
compilation terminated.
configure:11896: $? = 4
configure:11900: checking whether we are using the GNU C compiler
configure:11928: result: yes
configure:11937: checking whether gcc accepts -g
configure:11998: result: yes
configure:12015: checking for gcc option to accept ISO C89
configure:12092: result: none needed
configure:12114: checking dependency style of gcc
configure:12225: result: gcc3
configure:12241: checking whether gcc and cc understand -c and -o together
configure:12272: gcc -c conftest.c -o conftest2.o >&5
configure:12276: $? = 0
configure:12282: gcc -c conftest.c -o conftest2.o >&5
configure:12286: $? = 0
configure:12297: cc -c conftest.c >&5
configure:12301: $? = 0
configure:12309: cc -c conftest.c -o conftest2.o >&5
configure:12313: $? = 0
configure:12319: cc -c conftest.c -o conftest2.o >&5
configure:12323: $? = 0
configure:12341: result: yes
configure:12367: checking whether byte ordering is bigendian
configure:12382: gcc -c -g -O2  conftest.c >&5
conftest.c:28:9: error: unknown type name 'not'
conftest.c:28:15: error: expected '=', ',', ';', 'asm' or '__attribute__' before 'universal'
conftest.c:28:15: error: unknown type name 'universal'
configure:12382: $? = 1
configure: failed program was:
| /* confdefs.h */
| #define PACKAGE_NAME "hwdecode_demos"
| #define PACKAGE_TARNAME "hwdecode-demos"
| #define PACKAGE_VERSION "0.9.6.pre1"
| #define PACKAGE_STRING "hwdecode_demos 0.9.6.pre1"
| #define PACKAGE_BUGREPORT "gbeauchesne@splitted-desktop.com"
| #define PACKAGE_URL ""
| #define PACKAGE "hwdecode-demos"
| #define VERSION "0.9.6.pre1"
| #define HWDECODE_DEMOS_MAJOR_VERSION 0
| #define HWDECODE_DEMOS_MINOR_VERSION 9
| #define HWDECODE_DEMOS_MICRO_VERSION 6
| #define HWDECODE_DEMOS_PRE_VERSION 1
| #define STDC_HEADERS 1
| #define HAVE_SYS_TYPES_H 1
| #define HAVE_SYS_STAT_H 1
| #define HAVE_STDLIB_H 1
| #define HAVE_STRING_H 1
| #define HAVE_MEMORY_H 1
| #define HAVE_STRINGS_H 1
| #define HAVE_INTTYPES_H 1
| #define HAVE_STDINT_H 1
| #define HAVE_UNISTD_H 1
| #define HAVE_DLFCN_H 1
| #define LT_OBJDIR ".libs/"
| /* end confdefs.h.  */
| #ifndef __APPLE_CC__
| 	       not a universal capable compiler
| 	     #endif
| 	     typedef int dummy;
| 
configure:12427: gcc -c -g -O2  conftest.c >&5
configure:12427: $? = 0
configure:12445: gcc -c -g -O2  conftest.c >&5
conftest.c: In function 'main':
conftest.c:34:4: error: unknown type name 'not'
conftest.c:34:12: error: expected '=', ',', ';', 'asm' or '__attribute__' before 'endian'
configure:12445: $? = 1
configure: failed program was:
| /* confdefs.h */
| #define PACKAGE_NAME "hwdecode_demos"
| #define PACKAGE_TARNAME "hwdecode-demos"
| #define PACKAGE_VERSION "0.9.6.pre1"
| #define PACKAGE_STRING "hwdecode_demos 0.9.6.pre1"
| #define PACKAGE_BUGREPORT "gbeauchesne@splitted-desktop.com"
| #define PACKAGE_URL ""
| #define PACKAGE "hwdecode-demos"
| #define VERSION "0.9.6.pre1"
| #define HWDECODE_DEMOS_MAJOR_VERSION 0
| #define HWDECODE_DEMOS_MINOR_VERSION 9
| #define HWDECODE_DEMOS_MICRO_VERSION 6
| #define HWDECODE_DEMOS_PRE_VERSION 1
| #define STDC_HEADERS 1
| #define HAVE_SYS_TYPES_H 1
| #define HAVE_SYS_STAT_H 1
| #define HAVE_STDLIB_H 1
| #define HAVE_STRING_H 1
| #define HAVE_MEMORY_H 1
| #define HAVE_STRINGS_H 1
| #define HAVE_INTTYPES_H 1
| #define HAVE_STDINT_H 1
| #define HAVE_UNISTD_H 1
| #define HAVE_DLFCN_H 1
| #define LT_OBJDIR ".libs/"
| /* end confdefs.h.  */
| #include <sys/types.h>
| 		#include <sys/param.h>
| 
| int
| main ()
| {
| #if BYTE_ORDER != BIG_ENDIAN
| 		 not big endian
| 		#endif
| 
|   ;
|   return 0;
| }
configure:12573: result: no
configure:12591: checking for ANSI C header files
configure:12695: result: yes
configure:12710: checking for special C compiler options needed for large files
configure:12755: result: no
configure:12761: checking for _FILE_OFFSET_BITS value needed for large files
configure:12786: gcc -c -g -O2  conftest.c >&5
conftest.c:34:3: warning: left shift count >= width of type [enabled by default]
conftest.c:34:3: warning: left shift count >= width of type [enabled by default]
conftest.c:35:10: warning: left shift count >= width of type [enabled by default]
conftest.c:35:10: warning: left shift count >= width of type [enabled by default]
conftest.c:34:7: error: size of array 'off_t_is_large' is negative
conftest.c:36:9: warning: variably modified 'off_t_is_large' at file scope [enabled by default]
configure:12786: $? = 1
configure: failed program was:
| /* confdefs.h */
| #define PACKAGE_NAME "hwdecode_demos"
| #define PACKAGE_TARNAME "hwdecode-demos"
| #define PACKAGE_VERSION "0.9.6.pre1"
| #define PACKAGE_STRING "hwdecode_demos 0.9.6.pre1"
| #define PACKAGE_BUGREPORT "gbeauchesne@splitted-desktop.com"
| #define PACKAGE_URL ""
| #define PACKAGE "hwdecode-demos"
| #define VERSION "0.9.6.pre1"
| #define HWDECODE_DEMOS_MAJOR_VERSION 0
| #define HWDECODE_DEMOS_MINOR_VERSION 9
| #define HWDECODE_DEMOS_MICRO_VERSION 6
| #define HWDECODE_DEMOS_PRE_VERSION 1
| #define STDC_HEADERS 1
| #define HAVE_SYS_TYPES_H 1
| #define HAVE_SYS_STAT_H 1
| #define HAVE_STDLIB_H 1
| #define HAVE_STRING_H 1
| #define HAVE_MEMORY_H 1
| #define HAVE_STRINGS_H 1
| #define HAVE_INTTYPES_H 1
| #define HAVE_STDINT_H 1
| #define HAVE_UNISTD_H 1
| #define HAVE_DLFCN_H 1
| #define LT_OBJDIR ".libs/"
| #define STDC_HEADERS 1
| /* end confdefs.h.  */
| #include <sys/types.h>
|  /* Check that off_t can represent 2**63 - 1 correctly.
|     We can't simply define LARGE_OFF_T to be 9223372036854775807,
|     since some C++ compilers masquerading as C compilers
|     incorrectly reject 9223372036854775807.  */
| #define LARGE_OFF_T (((off_t) 1 << 62) - 1 + ((off_t) 1 << 62))
|   int off_t_is_large[(LARGE_OFF_T % 2147483629 == 721
| 		       && LARGE_OFF_T % 2147483647 == 1)
| 		      ? 1 : -1];
| int
| main ()
| {
| 
|   ;
|   return 0;
| }
configure:12810: gcc -c -g -O2  conftest.c >&5
configure:12810: $? = 0
configure:12818: result: 64
configure:12903: checking for pthread_create in -lpthread
configure:12928: gcc -o conftest -g -O2   conftest.c -lpthread   >&5
configure:12928: $? = 0
configure:12937: result: yes
configure:13054: checking for timer_create in -lrt
configure:13079: gcc -o conftest -g -O2   conftest.c -lrt  -lpthread  >&5
configure:13079: $? = 0
configure:13088: result: yes
configure:13100: checking for library containing dlopen
configure:13131: gcc -o conftest -g -O2   conftest.c -lrt -lpthread  >&5
/tmp/ccbPyF1t.o: In function `main':
/home/sijiewang/Projects/VAAPI/hwdecode-demos/conftest.c:43: undefined reference to `dlopen'
collect2: ld returned 1 exit status
configure:13131: $? = 1
configure: failed program was:
| /* confdefs.h */
| #define PACKAGE_NAME "hwdecode_demos"
| #define PACKAGE_TARNAME "hwdecode-demos"
| #define PACKAGE_VERSION "0.9.6.pre1"
| #define PACKAGE_STRING "hwdecode_demos 0.9.6.pre1"
| #define PACKAGE_BUGREPORT "gbeauchesne@splitted-desktop.com"
| #define PACKAGE_URL ""
| #define PACKAGE "hwdecode-demos"
| #define VERSION "0.9.6.pre1"
| #define HWDECODE_DEMOS_MAJOR_VERSION 0
| #define HWDECODE_DEMOS_MINOR_VERSION 9
| #define HWDECODE_DEMOS_MICRO_VERSION 6
| #define HWDECODE_DEMOS_PRE_VERSION 1
| #define STDC_HEADERS 1
| #define HAVE_SYS_TYPES_H 1
| #define HAVE_SYS_STAT_H 1
| #define HAVE_STDLIB_H 1
| #define HAVE_STRING_H 1
| #define HAVE_MEMORY_H 1
| #define HAVE_STRINGS_H 1
| #define HAVE_INTTYPES_H 1
| #define HAVE_STDINT_H 1
| #define HAVE_UNISTD_H 1
| #define HAVE_DLFCN_H 1
| #define LT_OBJDIR ".libs/"
| #define STDC_HEADERS 1
| #define _FILE_OFFSET_BITS 64
| #define HAVE_LIBPTHREAD 1
| #define HAVE_PTHREADS 1
| #define HAVE_LIBRT 1
| /* end confdefs.h.  */
| 
| /* Override any GCC internal prototype to avoid an error.
|    Use char because int might match the return type of a GCC
|    builtin and then its argument prototype would still apply.  */
| #ifdef __cplusplus
| extern "C"
| #endif
| char dlopen ();
| int
| main ()
| {
| return dlopen ();
|   ;
|   return 0;
| }
configure:13131: gcc -o conftest -g -O2   conftest.c -ldl  -lrt -lpthread  >&5
configure:13131: $? = 0
configure:13148: result: -ldl
configure:13159: checking for clock_gettime
configure:13159: gcc -o conftest -g -O2   conftest.c -ldl -lrt -lpthread  >&5
configure:13159: $? = 0
configure:13159: result: yes
configure:13223: checking for pkg-config
configure:13241: found /usr/bin/pkg-config
configure:13253: result: /usr/bin/pkg-config
configure:13278: checking pkg-config is at least version 0.9.0
configure:13281: result: yes
configure:13291: checking for LIBAVUTIL
configure:13298: $PKG_CONFIG --exists --print-errors "libavutil"
configure:13301: $? = 0
configure:13315: $PKG_CONFIG --exists --print-errors "libavutil"
configure:13318: $? = 0
configure:13358: result: yes
configure:13370: checking libavutil/pixfmt.h usability
configure:13370: gcc -c -g -O2  conftest.c >&5
configure:13370: $? = 0
configure:13370: result: yes
configure:13370: checking libavutil/pixfmt.h presence
configure:13370: gcc -E  conftest.c
configure:13370: $? = 0
configure:13370: result: yes
configure:13370: checking for libavutil/pixfmt.h
configure:13370: result: yes
configure:13370: checking ffmpeg/avutil.h usability
configure:13370: gcc -c -g -O2  conftest.c >&5
conftest.c:68:27: fatal error: ffmpeg/avutil.h: No such file or directory
compilation terminated.
configure:13370: $? = 1
configure: failed program was:
| /* confdefs.h */
| #define PACKAGE_NAME "hwdecode_demos"
| #define PACKAGE_TARNAME "hwdecode-demos"
| #define PACKAGE_VERSION "0.9.6.pre1"
| #define PACKAGE_STRING "hwdecode_demos 0.9.6.pre1"
| #define PACKAGE_BUGREPORT "gbeauchesne@splitted-desktop.com"
| #define PACKAGE_URL ""
| #define PACKAGE "hwdecode-demos"
| #define VERSION "0.9.6.pre1"
| #define HWDECODE_DEMOS_MAJOR_VERSION 0
| #define HWDECODE_DEMOS_MINOR_VERSION 9
| #define HWDECODE_DEMOS_MICRO_VERSION 6
| #define HWDECODE_DEMOS_PRE_VERSION 1
| #define STDC_HEADERS 1
| #define HAVE_SYS_TYPES_H 1
| #define HAVE_SYS_STAT_H 1
| #define HAVE_STDLIB_H 1
| #define HAVE_STRING_H 1
| #define HAVE_MEMORY_H 1
| #define HAVE_STRINGS_H 1
| #define HAVE_INTTYPES_H 1
| #define HAVE_STDINT_H 1
| #define HAVE_UNISTD_H 1
| #define HAVE_DLFCN_H 1
| #define LT_OBJDIR ".libs/"
| #define STDC_HEADERS 1
| #define _FILE_OFFSET_BITS 64
| #define HAVE_LIBPTHREAD 1
| #define HAVE_PTHREADS 1
| #define HAVE_LIBRT 1
| #define HAVE_CLOCK_GETTIME 1
| #define HAVE_AVUTIL 1
| #define HAVE_LIBAVUTIL_PIXFMT_H 1
| /* end confdefs.h.  */
| #include <stdio.h>
| #ifdef HAVE_SYS_TYPES_H
| # include <sys/types.h>
| #endif
| #ifdef HAVE_SYS_STAT_H
| # include <sys/stat.h>
| #endif
| #ifdef STDC_HEADERS
| # include <stdlib.h>
| # include <stddef.h>
| #else
| # ifdef HAVE_STDLIB_H
| #  include <stdlib.h>
| # endif
| #endif
| #ifdef HAVE_STRING_H
| # if !defined STDC_HEADERS && defined HAVE_MEMORY_H
| #  include <memory.h>
| # endif
| # include <string.h>
| #endif
| #ifdef HAVE_STRINGS_H
| # include <strings.h>
| #endif
| #ifdef HAVE_INTTYPES_H
| # include <inttypes.h>
| #endif
| #ifdef HAVE_STDINT_H
| # include <stdint.h>
| #endif
| #ifdef HAVE_UNISTD_H
| # include <unistd.h>
| #endif
| #include <ffmpeg/avutil.h>
configure:13370: result: no
configure:13370: checking ffmpeg/avutil.h presence
configure:13370: gcc -E  conftest.c
conftest.c:35:27: fatal error: ffmpeg/avutil.h: No such file or directory
compilation terminated.
configure:13370: $? = 1
configure: failed program was:
| /* confdefs.h */
| #define PACKAGE_NAME "hwdecode_demos"
| #define PACKAGE_TARNAME "hwdecode-demos"
| #define PACKAGE_VERSION "0.9.6.pre1"
| #define PACKAGE_STRING "hwdecode_demos 0.9.6.pre1"
| #define PACKAGE_BUGREPORT "gbeauchesne@splitted-desktop.com"
| #define PACKAGE_URL ""
| #define PACKAGE "hwdecode-demos"
| #define VERSION "0.9.6.pre1"
| #define HWDECODE_DEMOS_MAJOR_VERSION 0
| #define HWDECODE_DEMOS_MINOR_VERSION 9
| #define HWDECODE_DEMOS_MICRO_VERSION 6
| #define HWDECODE_DEMOS_PRE_VERSION 1
| #define STDC_HEADERS 1
| #define HAVE_SYS_TYPES_H 1
| #define HAVE_SYS_STAT_H 1
| #define HAVE_STDLIB_H 1
| #define HAVE_STRING_H 1
| #define HAVE_MEMORY_H 1
| #define HAVE_STRINGS_H 1
| #define HAVE_INTTYPES_H 1
| #define HAVE_STDINT_H 1
| #define HAVE_UNISTD_H 1
| #define HAVE_DLFCN_H 1
| #define LT_OBJDIR ".libs/"
| #define STDC_HEADERS 1
| #define _FILE_OFFSET_BITS 64
| #define HAVE_LIBPTHREAD 1
| #define HAVE_PTHREADS 1
| #define HAVE_LIBRT 1
| #define HAVE_CLOCK_GETTIME 1
| #define HAVE_AVUTIL 1
| #define HAVE_LIBAVUTIL_PIXFMT_H 1
| /* end confdefs.h.  */
| #include <ffmpeg/avutil.h>
configure:13370: result: no
configure:13370: checking for ffmpeg/avutil.h
configure:13370: result: no
configure:13383: checking for LIBAVFORMAT
configure:13390: $PKG_CONFIG --exists --print-errors "libavformat"
configure:13393: $? = 0
configure:13407: $PKG_CONFIG --exists --print-errors "libavformat"
configure:13410: $? = 0
configure:13450: result: yes
configure:13462: checking libavformat/avformat.h usability
configure:13462: gcc -c -g -O2  conftest.c >&5
configure:13462: $? = 0
configure:13462: result: yes
configure:13462: checking libavformat/avformat.h presence
configure:13462: gcc -E  conftest.c
configure:13462: $? = 0
configure:13462: result: yes
configure:13462: checking for libavformat/avformat.h
configure:13462: result: yes
configure:13462: checking ffmpeg/avformat.h usability
configure:13462: gcc -c -g -O2  conftest.c >&5
conftest.c:70:29: fatal error: ffmpeg/avformat.h: No such file or directory
compilation terminated.
configure:13462: $? = 1
configure: failed program was:
| /* confdefs.h */
| #define PACKAGE_NAME "hwdecode_demos"
| #define PACKAGE_TARNAME "hwdecode-demos"
| #define PACKAGE_VERSION "0.9.6.pre1"
| #define PACKAGE_STRING "hwdecode_demos 0.9.6.pre1"
| #define PACKAGE_BUGREPORT "gbeauchesne@splitted-desktop.com"
| #define PACKAGE_URL ""
| #define PACKAGE "hwdecode-demos"
| #define VERSION "0.9.6.pre1"
| #define HWDECODE_DEMOS_MAJOR_VERSION 0
| #define HWDECODE_DEMOS_MINOR_VERSION 9
| #define HWDECODE_DEMOS_MICRO_VERSION 6
| #define HWDECODE_DEMOS_PRE_VERSION 1
| #define STDC_HEADERS 1
| #define HAVE_SYS_TYPES_H 1
| #define HAVE_SYS_STAT_H 1
| #define HAVE_STDLIB_H 1
| #define HAVE_STRING_H 1
| #define HAVE_MEMORY_H 1
| #define HAVE_STRINGS_H 1
| #define HAVE_INTTYPES_H 1
| #define HAVE_STDINT_H 1
| #define HAVE_UNISTD_H 1
| #define HAVE_DLFCN_H 1
| #define LT_OBJDIR ".libs/"
| #define STDC_HEADERS 1
| #define _FILE_OFFSET_BITS 64
| #define HAVE_LIBPTHREAD 1
| #define HAVE_PTHREADS 1
| #define HAVE_LIBRT 1
| #define HAVE_CLOCK_GETTIME 1
| #define HAVE_AVUTIL 1
| #define HAVE_LIBAVUTIL_PIXFMT_H 1
| #define HAVE_AVFORMAT 1
| #define HAVE_LIBAVFORMAT_AVFORMAT_H 1
| /* end confdefs.h.  */
| #include <stdio.h>
| #ifdef HAVE_SYS_TYPES_H
| # include <sys/types.h>
| #endif
| #ifdef HAVE_SYS_STAT_H
| # include <sys/stat.h>
| #endif
| #ifdef STDC_HEADERS
| # include <stdlib.h>
| # include <stddef.h>
| #else
| # ifdef HAVE_STDLIB_H
| #  include <stdlib.h>
| # endif
| #endif
| #ifdef HAVE_STRING_H
| # if !defined STDC_HEADERS && defined HAVE_MEMORY_H
| #  include <memory.h>
| # endif
| # include <string.h>
| #endif
| #ifdef HAVE_STRINGS_H
| # include <strings.h>
| #endif
| #ifdef HAVE_INTTYPES_H
| # include <inttypes.h>
| #endif
| #ifdef HAVE_STDINT_H
| # include <stdint.h>
| #endif
| #ifdef HAVE_UNISTD_H
| # include <unistd.h>
| #endif
| #include <ffmpeg/avformat.h>
configure:13462: result: no
configure:13462: checking ffmpeg/avformat.h presence
configure:13462: gcc -E  conftest.c
conftest.c:37:29: fatal error: ffmpeg/avformat.h: No such file or directory
compilation terminated.
configure:13462: $? = 1
configure: failed program was:
| /* confdefs.h */
| #define PACKAGE_NAME "hwdecode_demos"
| #define PACKAGE_TARNAME "hwdecode-demos"
| #define PACKAGE_VERSION "0.9.6.pre1"
| #define PACKAGE_STRING "hwdecode_demos 0.9.6.pre1"
| #define PACKAGE_BUGREPORT "gbeauchesne@splitted-desktop.com"
| #define PACKAGE_URL ""
| #define PACKAGE "hwdecode-demos"
| #define VERSION "0.9.6.pre1"
| #define HWDECODE_DEMOS_MAJOR_VERSION 0
| #define HWDECODE_DEMOS_MINOR_VERSION 9
| #define HWDECODE_DEMOS_MICRO_VERSION 6
| #define HWDECODE_DEMOS_PRE_VERSION 1
| #define STDC_HEADERS 1
| #define HAVE_SYS_TYPES_H 1
| #define HAVE_SYS_STAT_H 1
| #define HAVE_STDLIB_H 1
| #define HAVE_STRING_H 1
| #define HAVE_MEMORY_H 1
| #define HAVE_STRINGS_H 1
| #define HAVE_INTTYPES_H 1
| #define HAVE_STDINT_H 1
| #define HAVE_UNISTD_H 1
| #define HAVE_DLFCN_H 1
| #define LT_OBJDIR ".libs/"
| #define STDC_HEADERS 1
| #define _FILE_OFFSET_BITS 64
| #define HAVE_LIBPTHREAD 1
| #define HAVE_PTHREADS 1
| #define HAVE_LIBRT 1
| #define HAVE_CLOCK_GETTIME 1
| #define HAVE_AVUTIL 1
| #define HAVE_LIBAVUTIL_PIXFMT_H 1
| #define HAVE_AVFORMAT 1
| #define HAVE_LIBAVFORMAT_AVFORMAT_H 1
| /* end confdefs.h.  */
| #include <ffmpeg/avformat.h>
configure:13462: result: no
configure:13462: checking for ffmpeg/avformat.h
configure:13462: result: no
configure:13475: checking for LIBAVCODEC
configure:13482: $PKG_CONFIG --exists --print-errors "libavcodec"
configure:13485: $? = 0
configure:13499: $PKG_CONFIG --exists --print-errors "libavcodec"
configure:13502: $? = 0
configure:13542: result: yes
configure:13554: checking libavcodec/avcodec.h usability
configure:13554: gcc -c -g -O2  conftest.c >&5
configure:13554: $? = 0
configure:13554: result: yes
configure:13554: checking libavcodec/avcodec.h presence
configure:13554: gcc -E  conftest.c
configure:13554: $? = 0
configure:13554: result: yes
configure:13554: checking for libavcodec/avcodec.h
configure:13554: result: yes
configure:13554: checking ffmpeg/avcodec.h usability
configure:13554: gcc -c -g -O2  conftest.c >&5
conftest.c:72:28: fatal error: ffmpeg/avcodec.h: No such file or directory
compilation terminated.
configure:13554: $? = 1
configure: failed program was:
| /* confdefs.h */
| #define PACKAGE_NAME "hwdecode_demos"
| #define PACKAGE_TARNAME "hwdecode-demos"
| #define PACKAGE_VERSION "0.9.6.pre1"
| #define PACKAGE_STRING "hwdecode_demos 0.9.6.pre1"
| #define PACKAGE_BUGREPORT "gbeauchesne@splitted-desktop.com"
| #define PACKAGE_URL ""
| #define PACKAGE "hwdecode-demos"
| #define VERSION "0.9.6.pre1"
| #define HWDECODE_DEMOS_MAJOR_VERSION 0
| #define HWDECODE_DEMOS_MINOR_VERSION 9
| #define HWDECODE_DEMOS_MICRO_VERSION 6
| #define HWDECODE_DEMOS_PRE_VERSION 1
| #define STDC_HEADERS 1
| #define HAVE_SYS_TYPES_H 1
| #define HAVE_SYS_STAT_H 1
| #define HAVE_STDLIB_H 1
| #define HAVE_STRING_H 1
| #define HAVE_MEMORY_H 1
| #define HAVE_STRINGS_H 1
| #define HAVE_INTTYPES_H 1
| #define HAVE_STDINT_H 1
| #define HAVE_UNISTD_H 1
| #define HAVE_DLFCN_H 1
| #define LT_OBJDIR ".libs/"
| #define STDC_HEADERS 1
| #define _FILE_OFFSET_BITS 64
| #define HAVE_LIBPTHREAD 1
| #define HAVE_PTHREADS 1
| #define HAVE_LIBRT 1
| #define HAVE_CLOCK_GETTIME 1
| #define HAVE_AVUTIL 1
| #define HAVE_LIBAVUTIL_PIXFMT_H 1
| #define HAVE_AVFORMAT 1
| #define HAVE_LIBAVFORMAT_AVFORMAT_H 1
| #define HAVE_AVCODEC 1
| #define HAVE_LIBAVCODEC_AVCODEC_H 1
| /* end confdefs.h.  */
| #include <stdio.h>
| #ifdef HAVE_SYS_TYPES_H
| # include <sys/types.h>
| #endif
| #ifdef HAVE_SYS_STAT_H
| # include <sys/stat.h>
| #endif
| #ifdef STDC_HEADERS
| # include <stdlib.h>
| # include <stddef.h>
| #else
| # ifdef HAVE_STDLIB_H
| #  include <stdlib.h>
| # endif
| #endif
| #ifdef HAVE_STRING_H
| # if !defined STDC_HEADERS && defined HAVE_MEMORY_H
| #  include <memory.h>
| # endif
| # include <string.h>
| #endif
| #ifdef HAVE_STRINGS_H
| # include <strings.h>
| #endif
| #ifdef HAVE_INTTYPES_H
| # include <inttypes.h>
| #endif
| #ifdef HAVE_STDINT_H
| # include <stdint.h>
| #endif
| #ifdef HAVE_UNISTD_H
| # include <unistd.h>
| #endif
| #include <ffmpeg/avcodec.h>
configure:13554: result: no
configure:13554: checking ffmpeg/avcodec.h presence
configure:13554: gcc -E  conftest.c
conftest.c:39:28: fatal error: ffmpeg/avcodec.h: No such file or directory
compilation terminated.
configure:13554: $? = 1
configure: failed program was:
| /* confdefs.h */
| #define PACKAGE_NAME "hwdecode_demos"
| #define PACKAGE_TARNAME "hwdecode-demos"
| #define PACKAGE_VERSION "0.9.6.pre1"
| #define PACKAGE_STRING "hwdecode_demos 0.9.6.pre1"
| #define PACKAGE_BUGREPORT "gbeauchesne@splitted-desktop.com"
| #define PACKAGE_URL ""
| #define PACKAGE "hwdecode-demos"
| #define VERSION "0.9.6.pre1"
| #define HWDECODE_DEMOS_MAJOR_VERSION 0
| #define HWDECODE_DEMOS_MINOR_VERSION 9
| #define HWDECODE_DEMOS_MICRO_VERSION 6
| #define HWDECODE_DEMOS_PRE_VERSION 1
| #define STDC_HEADERS 1
| #define HAVE_SYS_TYPES_H 1
| #define HAVE_SYS_STAT_H 1
| #define HAVE_STDLIB_H 1
| #define HAVE_STRING_H 1
| #define HAVE_MEMORY_H 1
| #define HAVE_STRINGS_H 1
| #define HAVE_INTTYPES_H 1
| #define HAVE_STDINT_H 1
| #define HAVE_UNISTD_H 1
| #define HAVE_DLFCN_H 1
| #define LT_OBJDIR ".libs/"
| #define STDC_HEADERS 1
| #define _FILE_OFFSET_BITS 64
| #define HAVE_LIBPTHREAD 1
| #define HAVE_PTHREADS 1
| #define HAVE_LIBRT 1
| #define HAVE_CLOCK_GETTIME 1
| #define HAVE_AVUTIL 1
| #define HAVE_LIBAVUTIL_PIXFMT_H 1
| #define HAVE_AVFORMAT 1
| #define HAVE_LIBAVFORMAT_AVFORMAT_H 1
| #define HAVE_AVCODEC 1
| #define HAVE_LIBAVCODEC_AVCODEC_H 1
| /* end confdefs.h.  */
| #include <ffmpeg/avcodec.h>
configure:13554: result: no
configure:13554: checking for ffmpeg/avcodec.h
configure:13554: result: no
configure:13566: checking libavcodec/vaapi.h usability
configure:13566: gcc -c -g -O2  conftest.c >&5
configure:13566: $? = 0
configure:13566: result: yes
configure:13566: checking libavcodec/vaapi.h presence
configure:13566: gcc -E  conftest.c
configure:13566: $? = 0
configure:13566: result: yes
configure:13566: checking for libavcodec/vaapi.h
configure:13566: result: yes
configure:13579: checking for LIBSWSCALE
configure:13586: $PKG_CONFIG --exists --print-errors "libswscale"
configure:13589: $? = 0
configure:13603: $PKG_CONFIG --exists --print-errors "libswscale"
configure:13606: $? = 0
configure:13646: result: yes
configure:13658: checking libswscale/swscale.h usability
configure:13658: gcc -c -g -O2  conftest.c >&5
configure:13658: $? = 0
configure:13658: result: yes
configure:13658: checking libswscale/swscale.h presence
configure:13658: gcc -E  conftest.c
configure:13658: $? = 0
configure:13658: result: yes
configure:13658: checking for libswscale/swscale.h
configure:13658: result: yes
configure:13658: checking ffmpeg/swscale.h usability
configure:13658: gcc -c -g -O2  conftest.c >&5
conftest.c:75:28: fatal error: ffmpeg/swscale.h: No such file or directory
compilation terminated.
configure:13658: $? = 1
configure: failed program was:
| /* confdefs.h */
| #define PACKAGE_NAME "hwdecode_demos"
| #define PACKAGE_TARNAME "hwdecode-demos"
| #define PACKAGE_VERSION "0.9.6.pre1"
| #define PACKAGE_STRING "hwdecode_demos 0.9.6.pre1"
| #define PACKAGE_BUGREPORT "gbeauchesne@splitted-desktop.com"
| #define PACKAGE_URL ""
| #define PACKAGE "hwdecode-demos"
| #define VERSION "0.9.6.pre1"
| #define HWDECODE_DEMOS_MAJOR_VERSION 0
| #define HWDECODE_DEMOS_MINOR_VERSION 9
| #define HWDECODE_DEMOS_MICRO_VERSION 6
| #define HWDECODE_DEMOS_PRE_VERSION 1
| #define STDC_HEADERS 1
| #define HAVE_SYS_TYPES_H 1
| #define HAVE_SYS_STAT_H 1
| #define HAVE_STDLIB_H 1
| #define HAVE_STRING_H 1
| #define HAVE_MEMORY_H 1
| #define HAVE_STRINGS_H 1
| #define HAVE_INTTYPES_H 1
| #define HAVE_STDINT_H 1
| #define HAVE_UNISTD_H 1
| #define HAVE_DLFCN_H 1
| #define LT_OBJDIR ".libs/"
| #define STDC_HEADERS 1
| #define _FILE_OFFSET_BITS 64
| #define HAVE_LIBPTHREAD 1
| #define HAVE_PTHREADS 1
| #define HAVE_LIBRT 1
| #define HAVE_CLOCK_GETTIME 1
| #define HAVE_AVUTIL 1
| #define HAVE_LIBAVUTIL_PIXFMT_H 1
| #define HAVE_AVFORMAT 1
| #define HAVE_LIBAVFORMAT_AVFORMAT_H 1
| #define HAVE_AVCODEC 1
| #define HAVE_LIBAVCODEC_AVCODEC_H 1
| #define HAVE_LIBAVCODEC_VAAPI_H 1
| #define HAVE_SWSCALE 1
| #define HAVE_LIBSWSCALE_SWSCALE_H 1
| /* end confdefs.h.  */
| #include <stdio.h>
| #ifdef HAVE_SYS_TYPES_H
| # include <sys/types.h>
| #endif
| #ifdef HAVE_SYS_STAT_H
| # include <sys/stat.h>
| #endif
| #ifdef STDC_HEADERS
| # include <stdlib.h>
| # include <stddef.h>
| #else
| # ifdef HAVE_STDLIB_H
| #  include <stdlib.h>
| # endif
| #endif
| #ifdef HAVE_STRING_H
| # if !defined STDC_HEADERS && defined HAVE_MEMORY_H
| #  include <memory.h>
| # endif
| # include <string.h>
| #endif
| #ifdef HAVE_STRINGS_H
| # include <strings.h>
| #endif
| #ifdef HAVE_INTTYPES_H
| # include <inttypes.h>
| #endif
| #ifdef HAVE_STDINT_H
| # include <stdint.h>
| #endif
| #ifdef HAVE_UNISTD_H
| # include <unistd.h>
| #endif
| #include <ffmpeg/swscale.h>
configure:13658: result: no
configure:13658: checking ffmpeg/swscale.h presence
configure:13658: gcc -E  conftest.c
conftest.c:42:28: fatal error: ffmpeg/swscale.h: No such file or directory
compilation terminated.
configure:13658: $? = 1
configure: failed program was:
| /* confdefs.h */
| #define PACKAGE_NAME "hwdecode_demos"
| #define PACKAGE_TARNAME "hwdecode-demos"
| #define PACKAGE_VERSION "0.9.6.pre1"
| #define PACKAGE_STRING "hwdecode_demos 0.9.6.pre1"
| #define PACKAGE_BUGREPORT "gbeauchesne@splitted-desktop.com"
| #define PACKAGE_URL ""
| #define PACKAGE "hwdecode-demos"
| #define VERSION "0.9.6.pre1"
| #define HWDECODE_DEMOS_MAJOR_VERSION 0
| #define HWDECODE_DEMOS_MINOR_VERSION 9
| #define HWDECODE_DEMOS_MICRO_VERSION 6
| #define HWDECODE_DEMOS_PRE_VERSION 1
| #define STDC_HEADERS 1
| #define HAVE_SYS_TYPES_H 1
| #define HAVE_SYS_STAT_H 1
| #define HAVE_STDLIB_H 1
| #define HAVE_STRING_H 1
| #define HAVE_MEMORY_H 1
| #define HAVE_STRINGS_H 1
| #define HAVE_INTTYPES_H 1
| #define HAVE_STDINT_H 1
| #define HAVE_UNISTD_H 1
| #define HAVE_DLFCN_H 1
| #define LT_OBJDIR ".libs/"
| #define STDC_HEADERS 1
| #define _FILE_OFFSET_BITS 64
| #define HAVE_LIBPTHREAD 1
| #define HAVE_PTHREADS 1
| #define HAVE_LIBRT 1
| #define HAVE_CLOCK_GETTIME 1
| #define HAVE_AVUTIL 1
| #define HAVE_LIBAVUTIL_PIXFMT_H 1
| #define HAVE_AVFORMAT 1
| #define HAVE_LIBAVFORMAT_AVFORMAT_H 1
| #define HAVE_AVCODEC 1
| #define HAVE_LIBAVCODEC_AVCODEC_H 1
| #define HAVE_LIBAVCODEC_VAAPI_H 1
| #define HAVE_SWSCALE 1
| #define HAVE_LIBSWSCALE_SWSCALE_H 1
| /* end confdefs.h.  */
| #include <ffmpeg/swscale.h>
configure:13658: result: no
configure:13658: checking for ffmpeg/swscale.h
configure:13658: result: no
configure:13680: checking for CAIRO
configure:13687: $PKG_CONFIG --exists --print-errors "cairo"
configure:13690: $? = 0
configure:13704: $PKG_CONFIG --exists --print-errors "cairo"
configure:13707: $? = 0
configure:13747: result: yes
configure:13769: checking for DRM
configure:13776: $PKG_CONFIG --exists --print-errors "libdrm"
configure:13779: $? = 0
configure:13793: $PKG_CONFIG --exists --print-errors "libdrm"
configure:13796: $? = 0
configure:13834: result: yes
configure:13840: checking for UDEV
configure:13847: $PKG_CONFIG --exists --print-errors "libudev"
Package libudev was not found in the pkg-config search path.
Perhaps you should add the directory containing `libudev.pc'
to the PKG_CONFIG_PATH environment variable
No package 'libudev' found
configure:13850: $? = 1
configure:13864: $PKG_CONFIG --exists --print-errors "libudev"
Package libudev was not found in the pkg-config search path.
Perhaps you should add the directory containing `libudev.pc'
to the PKG_CONFIG_PATH environment variable
No package 'libudev' found
configure:13867: $? = 1
configure:13881: result: no
No package 'libudev' found
configure:13947: checking for X11_DEPS
configure:13954: $PKG_CONFIG --exists --print-errors "x11"
configure:13957: $? = 0
configure:13971: $PKG_CONFIG --exists --print-errors "x11"
configure:13974: $? = 0
configure:14012: result: yes
configure:14043: checking for GL_DEPS
configure:14050: $PKG_CONFIG --exists --print-errors "gl"
configure:14053: $? = 0
configure:14067: $PKG_CONFIG --exists --print-errors "gl"
configure:14070: $? = 0
configure:14108: result: yes
configure:14117: checking GL/gl.h usability
configure:14117: gcc -c -g -O2    conftest.c >&5
configure:14117: $? = 0
configure:14117: result: yes
configure:14117: checking GL/gl.h presence
configure:14117: gcc -E    conftest.c
configure:14117: $? = 0
configure:14117: result: yes
configure:14117: checking for GL/gl.h
configure:14117: result: yes
configure:14135: checking for GLU_DEPS
configure:14142: $PKG_CONFIG --exists --print-errors "glu"
configure:14145: $? = 0
configure:14159: $PKG_CONFIG --exists --print-errors "glu"
configure:14162: $? = 0
configure:14200: result: yes
configure:14209: checking GL/glu.h usability
configure:14209: gcc -c -g -O2    conftest.c >&5
configure:14209: $? = 0
configure:14209: result: yes
configure:14209: checking GL/glu.h presence
configure:14209: gcc -E    conftest.c
configure:14209: $? = 0
configure:14209: result: yes
configure:14209: checking for GL/glu.h
configure:14209: result: yes
configure:14233: checking GL/glx.h usability
configure:14233: gcc -c -g -O2        conftest.c >&5
configure:14233: $? = 0
configure:14233: result: yes
configure:14233: checking GL/glx.h presence
configure:14233: gcc -E        conftest.c
configure:14233: $? = 0
configure:14233: result: yes
configure:14233: checking for GL/glx.h
configure:14233: result: yes
configure:14245: checking for glXCreateContext in -lGL
configure:14270: gcc -o conftest -g -O2         conftest.c -lGL  -ldl -lrt -lpthread  -lGL   -lGLU -lGL   -lX11   >&5
configure:14270: $? = 0
configure:14279: result: yes
configure:14287: checking for gluPerspective in -lGLU
configure:14312: gcc -o conftest -g -O2         conftest.c -lGLU  -ldl -lrt -lpthread  -lGL   -lGLU -lGL   -lX11   >&5
configure:14312: $? = 0
configure:14321: result: yes
configure:14346: checking for Crystal HD
configure:14370: gcc -o conftest -g -O2 -I/usr/include/libcrystalhd -D__LINUX_USER__   conftest.c -ldl -lrt -lpthread  -lcrystalhd >&5
conftest.c:48:29: fatal error: libcrystalhd_if.h: No such file or directory
compilation terminated.
configure:14370: $? = 1
configure: failed program was:
| /* confdefs.h */
| #define PACKAGE_NAME "hwdecode_demos"
| #define PACKAGE_TARNAME "hwdecode-demos"
| #define PACKAGE_VERSION "0.9.6.pre1"
| #define PACKAGE_STRING "hwdecode_demos 0.9.6.pre1"
| #define PACKAGE_BUGREPORT "gbeauchesne@splitted-desktop.com"
| #define PACKAGE_URL ""
| #define PACKAGE "hwdecode-demos"
| #define VERSION "0.9.6.pre1"
| #define HWDECODE_DEMOS_MAJOR_VERSION 0
| #define HWDECODE_DEMOS_MINOR_VERSION 9
| #define HWDECODE_DEMOS_MICRO_VERSION 6
| #define HWDECODE_DEMOS_PRE_VERSION 1
| #define STDC_HEADERS 1
| #define HAVE_SYS_TYPES_H 1
| #define HAVE_SYS_STAT_H 1
| #define HAVE_STDLIB_H 1
| #define HAVE_STRING_H 1
| #define HAVE_MEMORY_H 1
| #define HAVE_STRINGS_H 1
| #define HAVE_INTTYPES_H 1
| #define HAVE_STDINT_H 1
| #define HAVE_UNISTD_H 1
| #define HAVE_DLFCN_H 1
| #define LT_OBJDIR ".libs/"
| #define STDC_HEADERS 1
| #define _FILE_OFFSET_BITS 64
| #define HAVE_LIBPTHREAD 1
| #define HAVE_PTHREADS 1
| #define HAVE_LIBRT 1
| #define HAVE_CLOCK_GETTIME 1
| #define HAVE_AVUTIL 1
| #define HAVE_LIBAVUTIL_PIXFMT_H 1
| #define HAVE_AVFORMAT 1
| #define HAVE_LIBAVFORMAT_AVFORMAT_H 1
| #define HAVE_AVCODEC 1
| #define HAVE_LIBAVCODEC_AVCODEC_H 1
| #define HAVE_LIBAVCODEC_VAAPI_H 1
| #define HAVE_SWSCALE 1
| #define HAVE_LIBSWSCALE_SWSCALE_H 1
| #define HAVE_CAIRO 1
| #define USE_X11 1
| #define HAVE_GL_GL_H 1
| #define HAVE_GL_GLU_H 1
| #define HAVE_GL_GLX_H 1
| #define USE_GLX 1
| /* end confdefs.h.  */
| #include <libcrystalhd_if.h>
| int
| main ()
| {
| DtsDeviceOpen(0, 0)
|   ;
|   return 0;
| }
configure:14370: gcc -o conftest -g -O2 -I/usr/local/include/libcrystalhd -D__LINUX_USER__   conftest.c -ldl -lrt -lpthread  -lcrystalhd >&5
conftest.c:48:29: fatal error: libcrystalhd_if.h: No such file or directory
compilation terminated.
configure:14370: $? = 1
configure: failed program was:
| /* confdefs.h */
| #define PACKAGE_NAME "hwdecode_demos"
| #define PACKAGE_TARNAME "hwdecode-demos"
| #define PACKAGE_VERSION "0.9.6.pre1"
| #define PACKAGE_STRING "hwdecode_demos 0.9.6.pre1"
| #define PACKAGE_BUGREPORT "gbeauchesne@splitted-desktop.com"
| #define PACKAGE_URL ""
| #define PACKAGE "hwdecode-demos"
| #define VERSION "0.9.6.pre1"
| #define HWDECODE_DEMOS_MAJOR_VERSION 0
| #define HWDECODE_DEMOS_MINOR_VERSION 9
| #define HWDECODE_DEMOS_MICRO_VERSION 6
| #define HWDECODE_DEMOS_PRE_VERSION 1
| #define STDC_HEADERS 1
| #define HAVE_SYS_TYPES_H 1
| #define HAVE_SYS_STAT_H 1
| #define HAVE_STDLIB_H 1
| #define HAVE_STRING_H 1
| #define HAVE_MEMORY_H 1
| #define HAVE_STRINGS_H 1
| #define HAVE_INTTYPES_H 1
| #define HAVE_STDINT_H 1
| #define HAVE_UNISTD_H 1
| #define HAVE_DLFCN_H 1
| #define LT_OBJDIR ".libs/"
| #define STDC_HEADERS 1
| #define _FILE_OFFSET_BITS 64
| #define HAVE_LIBPTHREAD 1
| #define HAVE_PTHREADS 1
| #define HAVE_LIBRT 1
| #define HAVE_CLOCK_GETTIME 1
| #define HAVE_AVUTIL 1
| #define HAVE_LIBAVUTIL_PIXFMT_H 1
| #define HAVE_AVFORMAT 1
| #define HAVE_LIBAVFORMAT_AVFORMAT_H 1
| #define HAVE_AVCODEC 1
| #define HAVE_LIBAVCODEC_AVCODEC_H 1
| #define HAVE_LIBAVCODEC_VAAPI_H 1
| #define HAVE_SWSCALE 1
| #define HAVE_LIBSWSCALE_SWSCALE_H 1
| #define HAVE_CAIRO 1
| #define USE_X11 1
| #define HAVE_GL_GL_H 1
| #define HAVE_GL_GLU_H 1
| #define HAVE_GL_GLX_H 1
| #define USE_GLX 1
| /* end confdefs.h.  */
| #include <libcrystalhd_if.h>
| int
| main ()
| {
| DtsDeviceOpen(0, 0)
|   ;
|   return 0;
| }
configure:14385: result: no
configure:14402: checking for old libVA API 0.29
configure:14421: gcc -o conftest -g -O2   conftest.c -ldl -lrt -lpthread  -lva >&5
conftest.c:48:20: fatal error: va_x11.h: No such file or directory
compilation terminated.
configure:14421: $? = 1
configure: failed program was:
| /* confdefs.h */
| #define PACKAGE_NAME "hwdecode_demos"
| #define PACKAGE_TARNAME "hwdecode-demos"
| #define PACKAGE_VERSION "0.9.6.pre1"
| #define PACKAGE_STRING "hwdecode_demos 0.9.6.pre1"
| #define PACKAGE_BUGREPORT "gbeauchesne@splitted-desktop.com"
| #define PACKAGE_URL ""
| #define PACKAGE "hwdecode-demos"
| #define VERSION "0.9.6.pre1"
| #define HWDECODE_DEMOS_MAJOR_VERSION 0
| #define HWDECODE_DEMOS_MINOR_VERSION 9
| #define HWDECODE_DEMOS_MICRO_VERSION 6
| #define HWDECODE_DEMOS_PRE_VERSION 1
| #define STDC_HEADERS 1
| #define HAVE_SYS_TYPES_H 1
| #define HAVE_SYS_STAT_H 1
| #define HAVE_STDLIB_H 1
| #define HAVE_STRING_H 1
| #define HAVE_MEMORY_H 1
| #define HAVE_STRINGS_H 1
| #define HAVE_INTTYPES_H 1
| #define HAVE_STDINT_H 1
| #define HAVE_UNISTD_H 1
| #define HAVE_DLFCN_H 1
| #define LT_OBJDIR ".libs/"
| #define STDC_HEADERS 1
| #define _FILE_OFFSET_BITS 64
| #define HAVE_LIBPTHREAD 1
| #define HAVE_PTHREADS 1
| #define HAVE_LIBRT 1
| #define HAVE_CLOCK_GETTIME 1
| #define HAVE_AVUTIL 1
| #define HAVE_LIBAVUTIL_PIXFMT_H 1
| #define HAVE_AVFORMAT 1
| #define HAVE_LIBAVFORMAT_AVFORMAT_H 1
| #define HAVE_AVCODEC 1
| #define HAVE_LIBAVCODEC_AVCODEC_H 1
| #define HAVE_LIBAVCODEC_VAAPI_H 1
| #define HAVE_SWSCALE 1
| #define HAVE_LIBSWSCALE_SWSCALE_H 1
| #define HAVE_CAIRO 1
| #define USE_X11 1
| #define HAVE_GL_GL_H 1
| #define HAVE_GL_GLU_H 1
| #define HAVE_GL_GLX_H 1
| #define USE_GLX 1
| /* end confdefs.h.  */
| #include <va_x11.h>
| int
| main ()
| {
| vaGetDisplay(NULL)
|   ;
|   return 0;
| }
configure:14431: result: no
configure:14454: checking for VAAPI_DEPS
configure:14461: $PKG_CONFIG --exists --print-errors "libva"
configure:14464: $? = 0
configure:14478: $PKG_CONFIG --exists --print-errors "libva"
configure:14481: $? = 0
configure:14521: result: yes
configure:14703: checking for VAAPI_X11_DEPS
configure:14710: $PKG_CONFIG --exists --print-errors "libva-x11"
configure:14713: $? = 0
configure:14727: $PKG_CONFIG --exists --print-errors "libva-x11"
configure:14730: $? = 0
configure:14770: result: yes
configure:14834: checking for VAAPI_GLX_DEPS
configure:14841: $PKG_CONFIG --exists --print-errors "libva-glx"
configure:14844: $? = 0
configure:14858: $PKG_CONFIG --exists --print-errors "libva-glx"
configure:14861: $? = 0
configure:14901: result: yes
configure:14971: checking for VA/JPEG decoding API
configure:14995: gcc -c -g -O2  -I/usr/local/include   conftest.c >&5
configure:14995: $? = 0
configure:15006: result: yes
configure:15017: checking for VDPAU
configure:15036: gcc -o conftest -g -O2   conftest.c -ldl -lrt -lpthread  -lvdpau >&5
configure:15036: $? = 0
configure:15046: result: yes
configure:15059: checking for VDPAU/MPEG-4 support
configure:15078: gcc -o conftest -g -O2   conftest.c -ldl -lrt -lpthread  -lvdpau >&5
configure:15078: $? = 0
configure:15088: result: yes
configure:15104: checking for XvBA
configure:15128: gcc -o conftest -g -O2   conftest.c -ldl -lrt -lpthread  -lXvBAW -lGL -ldl >&5
conftest.c:51:21: fatal error: amdpcom.h: No such file or directory
compilation terminated.
configure:15128: $? = 1
configure: failed program was:
| /* confdefs.h */
| #define PACKAGE_NAME "hwdecode_demos"
| #define PACKAGE_TARNAME "hwdecode-demos"
| #define PACKAGE_VERSION "0.9.6.pre1"
| #define PACKAGE_STRING "hwdecode_demos 0.9.6.pre1"
| #define PACKAGE_BUGREPORT "gbeauchesne@splitted-desktop.com"
| #define PACKAGE_URL ""
| #define PACKAGE "hwdecode-demos"
| #define VERSION "0.9.6.pre1"
| #define HWDECODE_DEMOS_MAJOR_VERSION 0
| #define HWDECODE_DEMOS_MINOR_VERSION 9
| #define HWDECODE_DEMOS_MICRO_VERSION 6
| #define HWDECODE_DEMOS_PRE_VERSION 1
| #define STDC_HEADERS 1
| #define HAVE_SYS_TYPES_H 1
| #define HAVE_SYS_STAT_H 1
| #define HAVE_STDLIB_H 1
| #define HAVE_STRING_H 1
| #define HAVE_MEMORY_H 1
| #define HAVE_STRINGS_H 1
| #define HAVE_INTTYPES_H 1
| #define HAVE_STDINT_H 1
| #define HAVE_UNISTD_H 1
| #define HAVE_DLFCN_H 1
| #define LT_OBJDIR ".libs/"
| #define STDC_HEADERS 1
| #define _FILE_OFFSET_BITS 64
| #define HAVE_LIBPTHREAD 1
| #define HAVE_PTHREADS 1
| #define HAVE_LIBRT 1
| #define HAVE_CLOCK_GETTIME 1
| #define HAVE_AVUTIL 1
| #define HAVE_LIBAVUTIL_PIXFMT_H 1
| #define HAVE_AVFORMAT 1
| #define HAVE_LIBAVFORMAT_AVFORMAT_H 1
| #define HAVE_AVCODEC 1
| #define HAVE_LIBAVCODEC_AVCODEC_H 1
| #define HAVE_LIBAVCODEC_VAAPI_H 1
| #define HAVE_SWSCALE 1
| #define HAVE_LIBSWSCALE_SWSCALE_H 1
| #define HAVE_CAIRO 1
| #define USE_X11 1
| #define HAVE_GL_GL_H 1
| #define HAVE_GL_GLU_H 1
| #define HAVE_GL_GLX_H 1
| #define USE_GLX 1
| #define HAVE_VDPAU_MPEG4 1
| /* end confdefs.h.  */
| 
| #include <X11/Xlib.h>
| #include <amdpcom.h>
| #include <amdxvba.h>
| 
| int
| main ()
| {
| XVBAQueryExtension(0,0)
|   ;
|   return 0;
| }
configure:15138: result: no
configure:15348: creating ./config.status

## ---------------------- ##
## Running config.status. ##
## ---------------------- ##

This file was extended by hwdecode_demos config.status 0.9.6.pre1, which was
generated by GNU Autoconf 2.68.  Invocation command line was

  CONFIG_FILES    = 
  CONFIG_HEADERS  = 
  CONFIG_LINKS    = 
  CONFIG_COMMANDS = 
  $ ./config.status 

on sijiewang-danoo

config.status:1189: creating Makefile
config.status:1189: creating src/Makefile
config.status:1189: creating src/config.h
config.status:1418: executing depfiles commands
config.status:1418: executing libtool commands

## ---------------- ##
## Cache variables. ##
## ---------------- ##

ac_cv_build=i686-pc-linux-gnu
ac_cv_c_bigendian=no
ac_cv_c_compiler_gnu=yes
ac_cv_env_CAIRO_CFLAGS_set=
ac_cv_env_CAIRO_CFLAGS_value=
ac_cv_env_CAIRO_LIBS_set=
ac_cv_env_CAIRO_LIBS_value=
ac_cv_env_CC_set=
ac_cv_env_CC_value=
ac_cv_env_CFLAGS_set=
ac_cv_env_CFLAGS_value=
ac_cv_env_CPPFLAGS_set=
ac_cv_env_CPPFLAGS_value=
ac_cv_env_CPP_set=
ac_cv_env_CPP_value=
ac_cv_env_DRM_CFLAGS_set=
ac_cv_env_DRM_CFLAGS_value=
ac_cv_env_DRM_LIBS_set=
ac_cv_env_DRM_LIBS_value=
ac_cv_env_GLU_DEPS_CFLAGS_set=
ac_cv_env_GLU_DEPS_CFLAGS_value=
ac_cv_env_GLU_DEPS_LIBS_set=
ac_cv_env_GLU_DEPS_LIBS_value=
ac_cv_env_GL_DEPS_CFLAGS_set=
ac_cv_env_GL_DEPS_CFLAGS_value=
ac_cv_env_GL_DEPS_LIBS_set=
ac_cv_env_GL_DEPS_LIBS_value=
ac_cv_env_LDFLAGS_set=
ac_cv_env_LDFLAGS_value=
ac_cv_env_LIBAVCODEC_CFLAGS_set=
ac_cv_env_LIBAVCODEC_CFLAGS_value=
ac_cv_env_LIBAVCODEC_LIBS_set=
ac_cv_env_LIBAVCODEC_LIBS_value=
ac_cv_env_LIBAVFORMAT_CFLAGS_set=
ac_cv_env_LIBAVFORMAT_CFLAGS_value=
ac_cv_env_LIBAVFORMAT_LIBS_set=
ac_cv_env_LIBAVFORMAT_LIBS_value=
ac_cv_env_LIBAVUTIL_CFLAGS_set=
ac_cv_env_LIBAVUTIL_CFLAGS_value=
ac_cv_env_LIBAVUTIL_LIBS_set=
ac_cv_env_LIBAVUTIL_LIBS_value=
ac_cv_env_LIBSWSCALE_CFLAGS_set=
ac_cv_env_LIBSWSCALE_CFLAGS_value=
ac_cv_env_LIBSWSCALE_LIBS_set=
ac_cv_env_LIBSWSCALE_LIBS_value=
ac_cv_env_LIBS_set=
ac_cv_env_LIBS_value=
ac_cv_env_PKG_CONFIG_LIBDIR_set=
ac_cv_env_PKG_CONFIG_LIBDIR_value=
ac_cv_env_PKG_CONFIG_PATH_set=
ac_cv_env_PKG_CONFIG_PATH_value=
ac_cv_env_PKG_CONFIG_set=
ac_cv_env_PKG_CONFIG_value=
ac_cv_env_UDEV_CFLAGS_set=
ac_cv_env_UDEV_CFLAGS_value=
ac_cv_env_UDEV_LIBS_set=
ac_cv_env_UDEV_LIBS_value=
ac_cv_env_VAAPI_DEPS_CFLAGS_set=
ac_cv_env_VAAPI_DEPS_CFLAGS_value=
ac_cv_env_VAAPI_DEPS_LIBS_set=
ac_cv_env_VAAPI_DEPS_LIBS_value=
ac_cv_env_VAAPI_DRM_DEPS_CFLAGS_set=
ac_cv_env_VAAPI_DRM_DEPS_CFLAGS_value=
ac_cv_env_VAAPI_DRM_DEPS_LIBS_set=
ac_cv_env_VAAPI_DRM_DEPS_LIBS_value=
ac_cv_env_VAAPI_GLX_DEPS_CFLAGS_set=
ac_cv_env_VAAPI_GLX_DEPS_CFLAGS_value=
ac_cv_env_VAAPI_GLX_DEPS_LIBS_set=
ac_cv_env_VAAPI_GLX_DEPS_LIBS_value=
ac_cv_env_VAAPI_X11_DEPS_CFLAGS_set=
ac_cv_env_VAAPI_X11_DEPS_CFLAGS_value=
ac_cv_env_VAAPI_X11_DEPS_LIBS_set=
ac_cv_env_VAAPI_X11_DEPS_LIBS_value=
ac_cv_env_X11_DEPS_CFLAGS_set=
ac_cv_env_X11_DEPS_CFLAGS_value=
ac_cv_env_X11_DEPS_LIBS_set=
ac_cv_env_X11_DEPS_LIBS_value=
ac_cv_env_build_alias_set=
ac_cv_env_build_alias_value=
ac_cv_env_host_alias_set=
ac_cv_env_host_alias_value=
ac_cv_env_target_alias_set=
ac_cv_env_target_alias_value=
ac_cv_func_clock_gettime=yes
ac_cv_have_avcodec=yes
ac_cv_have_avformat=yes
ac_cv_have_avutil=yes
ac_cv_have_cairo=yes
ac_cv_have_crystalhd=no
ac_cv_have_old_vaapi=no
ac_cv_have_swscale=yes
ac_cv_have_vaapi=yes
ac_cv_have_vaapi_glx=yes
ac_cv_have_vaapi_jpeg_decoding=yes
ac_cv_have_vaapi_x11=yes
ac_cv_have_vdpau=yes
ac_cv_have_vdpau_mpeg4=yes
ac_cv_have_xvba=no
ac_cv_header_GL_gl_h=yes
ac_cv_header_GL_glu_h=yes
ac_cv_header_GL_glx_h=yes
ac_cv_header_dlfcn_h=yes
ac_cv_header_ffmpeg_avcodec_h=no
ac_cv_header_ffmpeg_avformat_h=no
ac_cv_header_ffmpeg_avutil_h=no
ac_cv_header_ffmpeg_swscale_h=no
ac_cv_header_inttypes_h=yes
ac_cv_header_libavcodec_avcodec_h=yes
ac_cv_header_libavcodec_vaapi_h=yes
ac_cv_header_libavformat_avformat_h=yes
ac_cv_header_libavutil_pixfmt_h=yes
ac_cv_header_libswscale_swscale_h=yes
ac_cv_header_memory_h=yes
ac_cv_header_stdc=yes
ac_cv_header_stdint_h=yes
ac_cv_header_stdlib_h=yes
ac_cv_header_string_h=yes
ac_cv_header_strings_h=yes
ac_cv_header_sys_stat_h=yes
ac_cv_header_sys_types_h=yes
ac_cv_header_unistd_h=yes
ac_cv_host=i686-pc-linux-gnu
ac_cv_lib_GLU_gluPerspective=yes
ac_cv_lib_GL_glXCreateContext=yes
ac_cv_lib_pthread_pthread_create=yes
ac_cv_lib_rt_timer_create=yes
ac_cv_objext=o
ac_cv_path_EGREP='/bin/grep -E'
ac_cv_path_FGREP='/bin/grep -F'
ac_cv_path_GREP=/bin/grep
ac_cv_path_SED=/bin/sed
ac_cv_path_ac_pt_PKG_CONFIG=/usr/bin/pkg-config
ac_cv_path_install='/usr/bin/install -c'
ac_cv_path_mkdir=/bin/mkdir
ac_cv_prog_AWK=mawk
ac_cv_prog_CPP='gcc -E'
ac_cv_prog_ac_ct_AR=ar
ac_cv_prog_ac_ct_CC=gcc
ac_cv_prog_ac_ct_MANIFEST_TOOL=mt
ac_cv_prog_ac_ct_OBJDUMP=objdump
ac_cv_prog_ac_ct_RANLIB=ranlib
ac_cv_prog_ac_ct_STRIP=strip
ac_cv_prog_cc_c89=
ac_cv_prog_cc_g=yes
ac_cv_prog_cc_gcc_c_o=yes
ac_cv_prog_make_make_set=yes
ac_cv_search_dlopen=-ldl
ac_cv_sys_file_offset_bits=64
ac_cv_sys_largefile_CC=no
am_cv_CC_dependencies_compiler_type=gcc3
am_cv_make_support_nested_variables=yes
lt_cv_ar_at_file=@
lt_cv_archive_cmds_need_lc=no
lt_cv_deplibs_check_method=pass_all
lt_cv_file_magic_cmd='$MAGIC_CMD'
lt_cv_file_magic_test_file=
lt_cv_ld_reload_flag=-r
lt_cv_nm_interface='BSD nm'
lt_cv_objdir=.libs
lt_cv_path_LD=/usr/bin/ld
lt_cv_path_NM='/usr/bin/nm -B'
lt_cv_path_mainfest_tool=no
lt_cv_prog_compiler_c_o=yes
lt_cv_prog_compiler_pic='-fPIC -DPIC'
lt_cv_prog_compiler_pic_works=yes
lt_cv_prog_compiler_rtti_exceptions=no
lt_cv_prog_compiler_static_works=yes
lt_cv_prog_gnu_ld=yes
lt_cv_sharedlib_from_linklib_cmd='printf %s\n'
lt_cv_shlibpath_overrides_runpath=no
lt_cv_sys_global_symbol_pipe='sed -n -e '\''s/^.*[	 ]\([ABCDGIRSTW][ABCDGIRSTW]*\)[	 ][	 ]*\([_A-Za-z][_A-Za-z0-9]*\)$/\1 \2 \2/p'\'' | sed '\''/ __gnu_lto/d'\'''
lt_cv_sys_global_symbol_to_c_name_address='sed -n -e '\''s/^: \([^ ]*\)[ ]*$/  {\"\1\", (void *) 0},/p'\'' -e '\''s/^[ABCDGIRSTW]* \([^ ]*\) \([^ ]*\)$/  {"\2", (void *) \&\2},/p'\'''
lt_cv_sys_global_symbol_to_c_name_address_lib_prefix='sed -n -e '\''s/^: \([^ ]*\)[ ]*$/  {\"\1\", (void *) 0},/p'\'' -e '\''s/^[ABCDGIRSTW]* \([^ ]*\) \(lib[^ ]*\)$/  {"\2", (void *) \&\2},/p'\'' -e '\''s/^[ABCDGIRSTW]* \([^ ]*\) \([^ ]*\)$/  {"lib\2", (void *) \&\2},/p'\'''
lt_cv_sys_global_symbol_to_cdecl='sed -n -e '\''s/^T .* \(.*\)$/extern int \1();/p'\'' -e '\''s/^[ABCDGIRSTW]* .* \(.*\)$/extern char \1;/p'\'''
lt_cv_sys_max_cmd_len=1572864
lt_cv_to_host_file_cmd=func_convert_file_noop
lt_cv_to_tool_file_cmd=func_convert_file_noop
pkg_cv_CAIRO_CFLAGS='-I/usr/include/cairo -I/usr/include/glib-2.0 -I/usr/lib/i386-linux-gnu/glib-2.0/include -I/usr/include/pixman-1 -I/usr/include/freetype2 -I/usr/include/libpng12  '
pkg_cv_CAIRO_LIBS='-lcairo  '
pkg_cv_DRM_CFLAGS='-I/usr/include/libdrm  '
pkg_cv_DRM_LIBS='-ldrm  '
pkg_cv_GLU_DEPS_CFLAGS=' '
pkg_cv_GLU_DEPS_LIBS='-lGLU -lGL  '
pkg_cv_GL_DEPS_CFLAGS=' '
pkg_cv_GL_DEPS_LIBS='-lGL  '
pkg_cv_LIBAVCODEC_CFLAGS='-I/usr/local/include  '
pkg_cv_LIBAVCODEC_LIBS='-L/usr/local/lib -lavcodec  '
pkg_cv_LIBAVFORMAT_CFLAGS='-I/usr/local/include  '
pkg_cv_LIBAVFORMAT_LIBS='-L/usr/local/lib -lavformat  '
pkg_cv_LIBAVUTIL_CFLAGS='-I/usr/local/include  '
pkg_cv_LIBAVUTIL_LIBS='-L/usr/local/lib -lavutil  '
pkg_cv_LIBSWSCALE_CFLAGS='-I/usr/local/include  '
pkg_cv_LIBSWSCALE_LIBS='-L/usr/local/lib -lswscale  '
pkg_cv_VAAPI_DEPS_CFLAGS='-I/usr/local/include  '
pkg_cv_VAAPI_DEPS_LIBS='-L/usr/local/lib -lva  '
pkg_cv_VAAPI_GLX_DEPS_CFLAGS='-I/usr/local/include  '
pkg_cv_VAAPI_GLX_DEPS_LIBS='-L/usr/local/lib -lva-glx -lva  '
pkg_cv_VAAPI_X11_DEPS_CFLAGS='-I/usr/local/include  '
pkg_cv_VAAPI_X11_DEPS_LIBS='-L/usr/local/lib -lva-x11 -lva  '
pkg_cv_X11_DEPS_CFLAGS=' '
pkg_cv_X11_DEPS_LIBS='-lX11  '

## ----------------- ##
## Output variables. ##
## ----------------- ##

ACLOCAL='${SHELL} /home/sijiewang/Projects/VAAPI/hwdecode-demos/missing --run aclocal-1.11'
AMDEPBACKSLASH='\'
AMDEP_FALSE='#'
AMDEP_TRUE=''
AMTAR='$${TAR-tar}'
AM_BACKSLASH='\'
AM_DEFAULT_V='$(AM_DEFAULT_VERBOSITY)'
AM_DEFAULT_VERBOSITY='0'
AM_V='$(V)'
AR='ar'
AUTOCONF='${SHELL} /home/sijiewang/Projects/VAAPI/hwdecode-demos/missing --run autoconf'
AUTOHEADER='${SHELL} /home/sijiewang/Projects/VAAPI/hwdecode-demos/missing --run autoheader'
AUTOMAKE='${SHELL} /home/sijiewang/Projects/VAAPI/hwdecode-demos/missing --run automake-1.11'
AWK='mawk'
CAIRO_CFLAGS='-I/usr/include/cairo -I/usr/include/glib-2.0 -I/usr/lib/i386-linux-gnu/glib-2.0/include -I/usr/include/pixman-1 -I/usr/include/freetype2 -I/usr/include/libpng12  '
CAIRO_LIBS='-lcairo  '
CC='gcc'
CCDEPMODE='depmode=gcc3'
CFLAGS='-g -O2'
CPP='gcc -E'
CPPFLAGS=''
CRYSTALHD_CFLAGS='-I/usr/local/include/libcrystalhd -D__LINUX_USER__'
CRYSTALHD_LIBS='-lcrystalhd'
CYGPATH_W='echo'
DEFS='-DHAVE_CONFIG_H'
DEPDIR='.deps'
DLLTOOL='false'
DRM_CFLAGS='-I/usr/include/libdrm  '
DRM_LIBS='-ldrm  '
DSYMUTIL=''
DUMPBIN=''
ECHO_C=''
ECHO_N='-n'
ECHO_T=''
EGREP='/bin/grep -E'
EXEEXT=''
FGREP='/bin/grep -F'
GLU_DEPS_CFLAGS=' '
GLU_DEPS_LIBS='-lGLU -lGL  '
GL_DEPS_CFLAGS=' '
GL_DEPS_LIBS='-lGL  '
GREP='/bin/grep'
INSTALL_DATA='${INSTALL} -m 644'
INSTALL_PROGRAM='${INSTALL}'
INSTALL_SCRIPT='${INSTALL}'
INSTALL_STRIP_PROGRAM='$(install_sh) -c -s'
LD='/usr/bin/ld'
LDFLAGS=''
LIBAVCODEC_CFLAGS='-I/usr/local/include  '
LIBAVCODEC_LIBS='-L/usr/local/lib -lavcodec  '
LIBAVFORMAT_CFLAGS='-I/usr/local/include  '
LIBAVFORMAT_LIBS='-L/usr/local/lib -lavformat  '
LIBAVUTIL_CFLAGS='-I/usr/local/include  '
LIBAVUTIL_LIBS='-L/usr/local/lib -lavutil  '
LIBOBJS=''
LIBS='-ldl -lrt -lpthread '
LIBSWSCALE_CFLAGS='-I/usr/local/include  '
LIBSWSCALE_LIBS='-L/usr/local/lib -lswscale  '
LIBTOOL='$(SHELL) $(top_builddir)/libtool'
LIPO=''
LN_S='ln -s'
LTLIBOBJS=''
MAKEINFO='${SHELL} /home/sijiewang/Projects/VAAPI/hwdecode-demos/missing --run makeinfo'
MANIFEST_TOOL=':'
MKDIR_P='/bin/mkdir -p'
NM='/usr/bin/nm -B'
NMEDIT=''
OBJDUMP='objdump'
OBJEXT='o'
OLD_VAAPI_CFLAGS=''
OLD_VAAPI_LIBS=''
OTOOL64=''
OTOOL=''
PACKAGE='hwdecode-demos'
PACKAGE_BUGREPORT='gbeauchesne@splitted-desktop.com'
PACKAGE_NAME='hwdecode_demos'
PACKAGE_STRING='hwdecode_demos 0.9.6.pre1'
PACKAGE_TARNAME='hwdecode-demos'
PACKAGE_URL=''
PACKAGE_VERSION='0.9.6.pre1'
PATH_SEPARATOR=':'
PKG_CONFIG='/usr/bin/pkg-config'
PKG_CONFIG_LIBDIR=''
PKG_CONFIG_PATH=''
RANLIB='ranlib'
SED='/bin/sed'
SET_MAKE=''
SHELL='/bin/bash'
STRIP='strip'
UDEV_CFLAGS=''
UDEV_LIBS=''
USE_CAIRO_FALSE='#'
USE_CAIRO_TRUE=''
USE_CRYSTALHD_FALSE=''
USE_CRYSTALHD_TRUE='#'
USE_DRM_FALSE=''
USE_DRM_TRUE='#'
USE_FFMPEG_FALSE='#'
USE_FFMPEG_TRUE=''
USE_GLX_FALSE='#'
USE_GLX_TRUE=''
USE_OLD_VAAPI_FALSE=''
USE_OLD_VAAPI_TRUE='#'
USE_VAAPI_DRM_FALSE=''
USE_VAAPI_DRM_TRUE='#'
USE_VAAPI_FALSE='#'
USE_VAAPI_GLX_FALSE='#'
USE_VAAPI_GLX_TRUE=''
USE_VAAPI_JPEG_FALSE='#'
USE_VAAPI_JPEG_TRUE=''
USE_VAAPI_TRUE=''
USE_VAAPI_X11_FALSE='#'
USE_VAAPI_X11_TRUE=''
USE_VDPAU_FALSE='#'
USE_VDPAU_MPEG4_FALSE='#'
USE_VDPAU_MPEG4_TRUE=''
USE_VDPAU_TRUE=''
USE_X11_FALSE='#'
USE_X11_TRUE=''
USE_XVBA_FALSE=''
USE_XVBA_TRUE='#'
VAAPI_DEPS_CFLAGS='-I/usr/local/include  '
VAAPI_DEPS_LIBS='-L/usr/local/lib -lva  '
VAAPI_DRM_DEPS_CFLAGS=''
VAAPI_DRM_DEPS_LIBS=''
VAAPI_GLX_DEPS_CFLAGS='-I/usr/local/include  '
VAAPI_GLX_DEPS_LIBS='-L/usr/local/lib -lva-glx -lva  '
VAAPI_X11_DEPS_CFLAGS='-I/usr/local/include  '
VAAPI_X11_DEPS_LIBS='-L/usr/local/lib -lva-x11 -lva  '
VDPAU_DEPS_CFLAGS=''
VDPAU_DEPS_LIBS='-lvdpau'
VERSION='0.9.6.pre1'
X11_DEPS_CFLAGS=' '
X11_DEPS_LIBS='-lX11  '
XVBA_DEPS_CFLAGS=''
XVBA_DEPS_LIBS=''
ac_ct_AR='ar'
ac_ct_CC='gcc'
ac_ct_DUMPBIN=''
am__EXEEXT_FALSE=''
am__EXEEXT_TRUE='#'
am__fastdepCC_FALSE='#'
am__fastdepCC_TRUE=''
am__include='include'
am__isrc=''
am__leading_dot='.'
am__nodep='_no'
am__quote=''
am__tar='$${TAR-tar} chof - "$$tardir"'
am__untar='$${TAR-tar} xf -'
bindir='${exec_prefix}/bin'
build='i686-pc-linux-gnu'
build_alias=''
build_cpu='i686'
build_os='linux-gnu'
build_vendor='pc'
datadir='${datarootdir}'
datarootdir='${prefix}/share'
docdir='${datarootdir}/doc/${PACKAGE_TARNAME}'
dvidir='${docdir}'
exec_prefix='${prefix}'
host='i686-pc-linux-gnu'
host_alias=''
host_cpu='i686'
host_os='linux-gnu'
host_vendor='pc'
htmldir='${docdir}'
includedir='${prefix}/include'
infodir='${datarootdir}/info'
install_sh='${SHELL} /home/sijiewang/Projects/VAAPI/hwdecode-demos/install-sh'
libdir='${exec_prefix}/lib'
libexecdir='${exec_prefix}/libexec'
localedir='${datarootdir}/locale'
localstatedir='${prefix}/var'
mandir='${datarootdir}/man'
mkdir_p='/bin/mkdir -p'
oldincludedir='/usr/include'
pdfdir='${docdir}'
prefix='/usr/local'
program_transform_name='s,x,x,'
psdir='${docdir}'
sbindir='${exec_prefix}/sbin'
sharedstatedir='${prefix}/com'
sysconfdir='${prefix}/etc'
target_alias=''

## ----------- ##
## confdefs.h. ##
## ----------- ##

/* confdefs.h */
#define PACKAGE_NAME "hwdecode_demos"
#define PACKAGE_TARNAME "hwdecode-demos"
#define PACKAGE_VERSION "0.9.6.pre1"
#define PACKAGE_STRING "hwdecode_demos 0.9.6.pre1"
#define PACKAGE_BUGREPORT "gbeauchesne@splitted-desktop.com"
#define PACKAGE_URL ""
#define PACKAGE "hwdecode-demos"
#define VERSION "0.9.6.pre1"
#define HWDECODE_DEMOS_MAJOR_VERSION 0
#define HWDECODE_DEMOS_MINOR_VERSION 9
#define HWDECODE_DEMOS_MICRO_VERSION 6
#define HWDECODE_DEMOS_PRE_VERSION 1
#define STDC_HEADERS 1
#define HAVE_SYS_TYPES_H 1
#define HAVE_SYS_STAT_H 1
#define HAVE_STDLIB_H 1
#define HAVE_STRING_H 1
#define HAVE_MEMORY_H 1
#define HAVE_STRINGS_H 1
#define HAVE_INTTYPES_H 1
#define HAVE_STDINT_H 1
#define HAVE_UNISTD_H 1
#define HAVE_DLFCN_H 1
#define LT_OBJDIR ".libs/"
#define STDC_HEADERS 1
#define _FILE_OFFSET_BITS 64
#define HAVE_LIBPTHREAD 1
#define HAVE_PTHREADS 1
#define HAVE_LIBRT 1
#define HAVE_CLOCK_GETTIME 1
#define HAVE_AVUTIL 1
#define HAVE_LIBAVUTIL_PIXFMT_H 1
#define HAVE_AVFORMAT 1
#define HAVE_LIBAVFORMAT_AVFORMAT_H 1
#define HAVE_AVCODEC 1
#define HAVE_LIBAVCODEC_AVCODEC_H 1
#define HAVE_LIBAVCODEC_VAAPI_H 1
#define HAVE_SWSCALE 1
#define HAVE_LIBSWSCALE_SWSCALE_H 1
#define HAVE_CAIRO 1
#define USE_X11 1
#define HAVE_GL_GL_H 1
#define HAVE_GL_GLU_H 1
#define HAVE_GL_GLX_H 1
#define USE_GLX 1
#define HAVE_VDPAU_MPEG4 1

configure: exit 0
