This file contains any messages produced by compilers while
running configure, to aid debugging if configure makes a mistake.

It was created by vdpau_video configure 0.7.4, which was
generated by GNU Autoconf 2.68.  Invocation command line was

  $ ./configure 

## --------- ##
## Platform. ##
## --------- ##

hostname = sijiewang-danoo
uname -m = i686
uname -r = 3.2.0-30-generic-pae
uname -s = Linux
uname -v = #48-Ubuntu SMP Fri Aug 24 17:14:09 UTC 2012

/usr/bin/uname -p = unknown
/bin/uname -X     = unknown

/bin/arch              = unknown
/usr/bin/arch -k       = unknown
/usr/convex/getsysinfo = unknown
/usr/bin/hostinfo      = unknown
/bin/machine           = unknown
/usr/bin/oslevel       = unknown
/bin/universe          = unknown

PATH: /home/sijiewang/bin
PATH: /opt/jdk1.6.0_31/bin
PATH: /opt/jdk1.6.0_31/jre/bin
PATH: /usr/local/sbin
PATH: /usr/local/bin
PATH: /usr/sbin
PATH: /usr/bin
PATH: /sbin
PATH: /bin
PATH: /usr/games
PATH: /home/sijiewang/android-sdks
PATH: /home/sijiewang/android-sdks/platform-tools
PATH: /home/sijiewang/android-sdks/tools
PATH: /home/sijiewang/android-toolchain/arm-eabi-4.4.0/bin
PATH: /usr/local/bin


## ----------- ##
## Core tests. ##
## ----------- ##

configure:2193: checking for a BSD-compatible install
configure:2261: result: /usr/bin/install -c
configure:2272: checking whether build environment is sane
configure:2322: result: yes
configure:2463: checking for a thread-safe mkdir -p
configure:2502: result: /bin/mkdir -p
configure:2515: checking for gawk
configure:2545: result: no
configure:2515: checking for mawk
configure:2531: found /usr/bin/mawk
configure:2542: result: mawk
configure:2553: checking whether make sets $(MAKE)
configure:2575: result: yes
configure:2788: checking build system type
configure:2802: result: i686-pc-linux-gnu
configure:2822: checking host system type
configure:2835: result: i686-pc-linux-gnu
configure:2876: checking how to print strings
configure:2903: result: printf
configure:2936: checking for style of include used by make
configure:2964: result: GNU
configure:3035: checking for gcc
configure:3051: found /usr/bin/gcc
configure:3062: result: gcc
configure:3291: checking for C compiler version
configure:3300: gcc --version >&5
gcc (Ubuntu/Linaro 4.6.3-1ubuntu5) 4.6.3
Copyright (C) 2011 Free Software Foundation, Inc.
This is free software; see the source for copying conditions.  There is NO
warranty; not even for MERCHANTABILITY or FITNESS FOR A PARTICULAR PURPOSE.

configure:3311: $? = 0
configure:3300: gcc -v >&5
Using built-in specs.
COLLECT_GCC=gcc
COLLECT_LTO_WRAPPER=/usr/lib/gcc/i686-linux-gnu/4.6/lto-wrapper
Target: i686-linux-gnu
Configured with: ../src/configure -v --with-pkgversion='Ubuntu/Linaro 4.6.3-1ubuntu5' --with-bugurl=file:///usr/share/doc/gcc-4.6/README.Bugs --enable-languages=c,c++,fortran,objc,obj-c++ --prefix=/usr --program-suffix=-4.6 --enable-shared --enable-linker-build-id --with-system-zlib --libexecdir=/usr/lib --without-included-gettext --enable-threads=posix --with-gxx-include-dir=/usr/include/c++/4.6 --libdir=/usr/lib --enable-nls --with-sysroot=/ --enable-clocale=gnu --enable-libstdcxx-debug --enable-libstdcxx-time=yes --enable-gnu-unique-object --enable-plugin --enable-objc-gc --enable-targets=all --disable-werror --with-arch-32=i686 --with-tune=generic --enable-checking=release --build=i686-linux-gnu --host=i686-linux-gnu --target=i686-linux-gnu
Thread model: posix
gcc version 4.6.3 (Ubuntu/Linaro 4.6.3-1ubuntu5) 
configure:3311: $? = 0
configure:3300: gcc -V >&5
gcc: error: unrecognized option '-V'
gcc: fatal error: no input files
compilation terminated.
configure:3311: $? = 4
configure:3300: gcc -qversion >&5
gcc: error: unrecognized option '-qversion'
gcc: fatal error: no input files
compilation terminated.
configure:3311: $? = 4
configure:3331: checking whether the C compiler works
configure:3353: gcc    conftest.c  >&5
configure:3357: $? = 0
configure:3405: result: yes
configure:3408: checking for C compiler default output file name
configure:3410: result: a.out
configure:3416: checking for suffix of executables
configure:3423: gcc -o conftest    conftest.c  >&5
configure:3427: $? = 0
configure:3449: result: 
configure:3471: checking whether we are cross compiling
configure:3479: gcc -o conftest    conftest.c  >&5
configure:3483: $? = 0
configure:3490: ./conftest
configure:3494: $? = 0
configure:3509: result: no
configure:3514: checking for suffix of object files
configure:3536: gcc -c   conftest.c >&5
configure:3540: $? = 0
configure:3561: result: o
configure:3565: checking whether we are using the GNU C compiler
configure:3584: gcc -c   conftest.c >&5
configure:3584: $? = 0
configure:3593: result: yes
configure:3602: checking whether gcc accepts -g
configure:3622: gcc -c -g  conftest.c >&5
configure:3622: $? = 0
configure:3663: result: yes
configure:3680: checking for gcc option to accept ISO C89
configure:3744: gcc  -c -g -O2  conftest.c >&5
configure:3744: $? = 0
configure:3757: result: none needed
configure:3779: checking dependency style of gcc
configure:3890: result: gcc3
configure:3905: checking for a sed that does not truncate output
configure:3969: result: /bin/sed
configure:3987: checking for grep that handles long lines and -e
configure:4045: result: /bin/grep
configure:4050: checking for egrep
configure:4112: result: /bin/grep -E
configure:4117: checking for fgrep
configure:4179: result: /bin/grep -F
configure:4214: checking for ld used by gcc
configure:4281: result: /usr/bin/ld
configure:4288: checking if the linker (/usr/bin/ld) is GNU ld
configure:4303: result: yes
configure:4315: checking for BSD- or MS-compatible name lister (nm)
configure:4364: result: /usr/bin/nm -B
configure:4494: checking the name lister (/usr/bin/nm -B) interface
configure:4501: gcc -c -g -O2  conftest.c >&5
configure:4504: /usr/bin/nm -B "conftest.o"
configure:4507: output
00000000 B some_variable
configure:4514: result: BSD nm
configure:4517: checking whether ln -s works
configure:4521: result: yes
configure:4529: checking the maximum length of command line arguments
configure:4659: result: 1572864
configure:4676: checking whether the shell understands some XSI constructs
configure:4686: result: yes
configure:4690: checking whether the shell understands "+="
configure:4696: result: yes
configure:4731: checking how to convert i686-pc-linux-gnu file names to i686-pc-linux-gnu format
configure:4771: result: func_convert_file_noop
configure:4778: checking how to convert i686-pc-linux-gnu file names to toolchain format
configure:4798: result: func_convert_file_noop
configure:4805: checking for /usr/bin/ld option to reload object files
configure:4812: result: -r
configure:4886: checking for objdump
configure:4902: found /usr/bin/objdump
configure:4913: result: objdump
configure:4945: checking how to recognize dependent libraries
configure:5147: result: pass_all
configure:5232: checking for dlltool
configure:5262: result: no
configure:5292: checking how to associate runtime and link libraries
configure:5319: result: printf %s\n
configure:5380: checking for ar
configure:5396: found /usr/bin/ar
configure:5407: result: ar
configure:5444: checking for archiver @FILE support
configure:5461: gcc -c -g -O2  conftest.c >&5
configure:5461: $? = 0
configure:5464: ar cru libconftest.a @conftest.lst >&5
configure:5467: $? = 0
configure:5472: ar cru libconftest.a @conftest.lst >&5
ar: conftest.o: No such file or directory
configure:5475: $? = 1
configure:5487: result: @
configure:5545: checking for strip
configure:5561: found /usr/bin/strip
configure:5572: result: strip
configure:5644: checking for ranlib
configure:5660: found /usr/bin/ranlib
configure:5671: result: ranlib
configure:5773: checking command to parse /usr/bin/nm -B output from gcc object
configure:5893: gcc -c -g -O2  conftest.c >&5
configure:5896: $? = 0
configure:5900: /usr/bin/nm -B conftest.o \| sed -n -e 's/^.*[ ]\([ABCDGIRSTW][ABCDGIRSTW]*\)[ ][ ]*\([_A-Za-z][_A-Za-z0-9]*\)$/\1 \2 \2/p' | sed '/ __gnu_lto/d' \> conftest.nm
configure:5903: $? = 0
configure:5969: gcc -o conftest -g -O2   conftest.c conftstm.o >&5
configure:5972: $? = 0
configure:6010: result: ok
configure:6047: checking for sysroot
configure:6077: result: no
configure:6333: checking for mt
configure:6349: found /bin/mt
configure:6360: result: mt
configure:6383: checking if mt is a manifest tool
configure:6389: mt '-?'
configure:6397: result: no
configure:7039: checking how to run the C preprocessor
configure:7070: gcc -E  conftest.c
configure:7070: $? = 0
configure:7084: gcc -E  conftest.c
conftest.c:17:28: fatal error: ac_nonexistent.h: No such file or directory
compilation terminated.
configure:7084: $? = 1
configure: failed program was:
| /* confdefs.h */
| #define PACKAGE_NAME "vdpau_video"
| #define PACKAGE_TARNAME "libva-vdpau-driver"
| #define PACKAGE_VERSION "0.7.4"
| #define PACKAGE_STRING "vdpau_video 0.7.4"
| #define PACKAGE_BUGREPORT "gwenole.beauchesne@intel.com"
| #define PACKAGE_URL ""
| #define PACKAGE "libva-vdpau-driver"
| #define VERSION "0.7.4"
| #define VDPAU_VIDEO_MAJOR_VERSION 0
| #define VDPAU_VIDEO_MINOR_VERSION 7
| #define VDPAU_VIDEO_MICRO_VERSION 4
| #define VDPAU_VIDEO_PRE_VERSION 0
| #define USE_DEBUG 1
| #define USE_TRACER 1
| /* end confdefs.h.  */
| #include <ac_nonexistent.h>
configure:7109: result: gcc -E
configure:7129: gcc -E  conftest.c
configure:7129: $? = 0
configure:7143: gcc -E  conftest.c
conftest.c:17:28: fatal error: ac_nonexistent.h: No such file or directory
compilation terminated.
configure:7143: $? = 1
configure: failed program was:
| /* confdefs.h */
| #define PACKAGE_NAME "vdpau_video"
| #define PACKAGE_TARNAME "libva-vdpau-driver"
| #define PACKAGE_VERSION "0.7.4"
| #define PACKAGE_STRING "vdpau_video 0.7.4"
| #define PACKAGE_BUGREPORT "gwenole.beauchesne@intel.com"
| #define PACKAGE_URL ""
| #define PACKAGE "libva-vdpau-driver"
| #define VERSION "0.7.4"
| #define VDPAU_VIDEO_MAJOR_VERSION 0
| #define VDPAU_VIDEO_MINOR_VERSION 7
| #define VDPAU_VIDEO_MICRO_VERSION 4
| #define VDPAU_VIDEO_PRE_VERSION 0
| #define USE_DEBUG 1
| #define USE_TRACER 1
| /* end confdefs.h.  */
| #include <ac_nonexistent.h>
configure:7172: checking for ANSI C header files
configure:7192: gcc -c -g -O2  conftest.c >&5
configure:7192: $? = 0
configure:7265: gcc -o conftest -g -O2   conftest.c  >&5
configure:7265: $? = 0
configure:7265: ./conftest
configure:7265: $? = 0
configure:7276: result: yes
configure:7289: checking for sys/types.h
configure:7289: gcc -c -g -O2  conftest.c >&5
configure:7289: $? = 0
configure:7289: result: yes
configure:7289: checking for sys/stat.h
configure:7289: gcc -c -g -O2  conftest.c >&5
configure:7289: $? = 0
configure:7289: result: yes
configure:7289: checking for stdlib.h
configure:7289: gcc -c -g -O2  conftest.c >&5
configure:7289: $? = 0
configure:7289: result: yes
configure:7289: checking for string.h
configure:7289: gcc -c -g -O2  conftest.c >&5
configure:7289: $? = 0
configure:7289: result: yes
configure:7289: checking for memory.h
configure:7289: gcc -c -g -O2  conftest.c >&5
configure:7289: $? = 0
configure:7289: result: yes
configure:7289: checking for strings.h
configure:7289: gcc -c -g -O2  conftest.c >&5
configure:7289: $? = 0
configure:7289: result: yes
configure:7289: checking for inttypes.h
configure:7289: gcc -c -g -O2  conftest.c >&5
configure:7289: $? = 0
configure:7289: result: yes
configure:7289: checking for stdint.h
configure:7289: gcc -c -g -O2  conftest.c >&5
configure:7289: $? = 0
configure:7289: result: yes
configure:7289: checking for unistd.h
configure:7289: gcc -c -g -O2  conftest.c >&5
configure:7289: $? = 0
configure:7289: result: yes
configure:7303: checking for dlfcn.h
configure:7303: gcc -c -g -O2  conftest.c >&5
configure:7303: $? = 0
configure:7303: result: yes
configure:7479: checking for objdir
configure:7494: result: .libs
configure:7761: checking if gcc supports -fno-rtti -fno-exceptions
configure:7779: gcc -c -g -O2  -fno-rtti -fno-exceptions conftest.c >&5
cc1: warning: command line option '-fno-rtti' is valid for C++/ObjC++ but not for C [enabled by default]
configure:7783: $? = 0
configure:7796: result: no
configure:8123: checking for gcc option to produce PIC
configure:8130: result: -fPIC -DPIC
configure:8138: checking if gcc PIC flag -fPIC -DPIC works
configure:8156: gcc -c -g -O2  -fPIC -DPIC -DPIC conftest.c >&5
configure:8160: $? = 0
configure:8173: result: yes
configure:8202: checking if gcc static flag -static works
configure:8230: result: yes
configure:8245: checking if gcc supports -c -o file.o
configure:8266: gcc -c -g -O2  -o out/conftest2.o conftest.c >&5
configure:8270: $? = 0
configure:8292: result: yes
configure:8300: checking if gcc supports -c -o file.o
configure:8347: result: yes
configure:8380: checking whether the gcc linker (/usr/bin/ld) supports shared libraries
configure:9537: result: yes
configure:9574: checking whether -lc should be explicitly linked in
configure:9582: gcc -c -g -O2  conftest.c >&5
configure:9585: $? = 0
configure:9600: gcc -shared  -fPIC -DPIC conftest.o  -v -Wl,-soname -Wl,conftest -o conftest 2\>\&1 \| /bin/grep  -lc  \>/dev/null 2\>\&1
configure:9603: $? = 0
configure:9617: result: no
configure:9777: checking dynamic linker characteristics
configure:10288: gcc -o conftest -g -O2   -Wl,-rpath -Wl,/foo conftest.c  >&5
configure:10288: $? = 0
configure:10522: result: GNU/Linux ld.so
configure:10629: checking how to hardcode library paths into programs
configure:10654: result: immediate
configure:11194: checking whether stripping libraries is possible
configure:11199: result: yes
configure:11234: checking if libtool supports shared libraries
configure:11236: result: yes
configure:11239: checking whether to build shared libraries
configure:11260: result: yes
configure:11263: checking whether to build static libraries
configure:11267: result: no
configure:11352: checking for gcc
configure:11379: result: gcc
configure:11608: checking for C compiler version
configure:11617: gcc --version >&5
gcc (Ubuntu/Linaro 4.6.3-1ubuntu5) 4.6.3
Copyright (C) 2011 Free Software Foundation, Inc.
This is free software; see the source for copying conditions.  There is NO
warranty; not even for MERCHANTABILITY or FITNESS FOR A PARTICULAR PURPOSE.

configure:11628: $? = 0
configure:11617: gcc -v >&5
Using built-in specs.
COLLECT_GCC=gcc
COLLECT_LTO_WRAPPER=/usr/lib/gcc/i686-linux-gnu/4.6/lto-wrapper
Target: i686-linux-gnu
Configured with: ../src/configure -v --with-pkgversion='Ubuntu/Linaro 4.6.3-1ubuntu5' --with-bugurl=file:///usr/share/doc/gcc-4.6/README.Bugs --enable-languages=c,c++,fortran,objc,obj-c++ --prefix=/usr --program-suffix=-4.6 --enable-shared --enable-linker-build-id --with-system-zlib --libexecdir=/usr/lib --without-included-gettext --enable-threads=posix --with-gxx-include-dir=/usr/include/c++/4.6 --libdir=/usr/lib --enable-nls --with-sysroot=/ --enable-clocale=gnu --enable-libstdcxx-debug --enable-libstdcxx-time=yes --enable-gnu-unique-object --enable-plugin --enable-objc-gc --enable-targets=all --disable-werror --with-arch-32=i686 --with-tune=generic --enable-checking=release --build=i686-linux-gnu --host=i686-linux-gnu --target=i686-linux-gnu
Thread model: posix
gcc version 4.6.3 (Ubuntu/Linaro 4.6.3-1ubuntu5) 
configure:11628: $? = 0
configure:11617: gcc -V >&5
gcc: error: unrecognized option '-V'
gcc: fatal error: no input files
compilation terminated.
configure:11628: $? = 4
configure:11617: gcc -qversion >&5
gcc: error: unrecognized option '-qversion'
gcc: fatal error: no input files
compilation terminated.
configure:11628: $? = 4
configure:11632: checking whether we are using the GNU C compiler
configure:11660: result: yes
configure:11669: checking whether gcc accepts -g
configure:11730: result: yes
configure:11747: checking for gcc option to accept ISO C89
configure:11824: result: none needed
configure:11846: checking dependency style of gcc
configure:11957: result: gcc3
configure:11973: checking whether byte ordering is bigendian
configure:11988: gcc -c -g -O2  conftest.c >&5
conftest.c:30:9: error: unknown type name 'not'
conftest.c:30:15: error: expected '=', ',', ';', 'asm' or '__attribute__' before 'universal'
conftest.c:30:15: error: unknown type name 'universal'
configure:11988: $? = 1
configure: failed program was:
| /* confdefs.h */
| #define PACKAGE_NAME "vdpau_video"
| #define PACKAGE_TARNAME "libva-vdpau-driver"
| #define PACKAGE_VERSION "0.7.4"
| #define PACKAGE_STRING "vdpau_video 0.7.4"
| #define PACKAGE_BUGREPORT "gwenole.beauchesne@intel.com"
| #define PACKAGE_URL ""
| #define PACKAGE "libva-vdpau-driver"
| #define VERSION "0.7.4"
| #define VDPAU_VIDEO_MAJOR_VERSION 0
| #define VDPAU_VIDEO_MINOR_VERSION 7
| #define VDPAU_VIDEO_MICRO_VERSION 4
| #define VDPAU_VIDEO_PRE_VERSION 0
| #define USE_DEBUG 1
| #define USE_TRACER 1
| #define STDC_HEADERS 1
| #define HAVE_SYS_TYPES_H 1
| #define HAVE_SYS_STAT_H 1
| #define HAVE_STDLIB_H 1
| #define HAVE_STRING_H 1
| #define HAVE_MEMORY_H 1
| #define HAVE_STRINGS_H 1
| #define HAVE_INTTYPES_H 1
| #define HAVE_STDINT_H 1
| #define HAVE_UNISTD_H 1
| #define HAVE_DLFCN_H 1
| #define LT_OBJDIR ".libs/"
| /* end confdefs.h.  */
| #ifndef __APPLE_CC__
| 	       not a universal capable compiler
| 	     #endif
| 	     typedef int dummy;
| 
configure:12033: gcc -c -g -O2  conftest.c >&5
configure:12033: $? = 0
configure:12051: gcc -c -g -O2  conftest.c >&5
conftest.c: In function 'main':
conftest.c:36:4: error: unknown type name 'not'
conftest.c:36:12: error: expected '=', ',', ';', 'asm' or '__attribute__' before 'endian'
configure:12051: $? = 1
configure: failed program was:
| /* confdefs.h */
| #define PACKAGE_NAME "vdpau_video"
| #define PACKAGE_TARNAME "libva-vdpau-driver"
| #define PACKAGE_VERSION "0.7.4"
| #define PACKAGE_STRING "vdpau_video 0.7.4"
| #define PACKAGE_BUGREPORT "gwenole.beauchesne@intel.com"
| #define PACKAGE_URL ""
| #define PACKAGE "libva-vdpau-driver"
| #define VERSION "0.7.4"
| #define VDPAU_VIDEO_MAJOR_VERSION 0
| #define VDPAU_VIDEO_MINOR_VERSION 7
| #define VDPAU_VIDEO_MICRO_VERSION 4
| #define VDPAU_VIDEO_PRE_VERSION 0
| #define USE_DEBUG 1
| #define USE_TRACER 1
| #define STDC_HEADERS 1
| #define HAVE_SYS_TYPES_H 1
| #define HAVE_SYS_STAT_H 1
| #define HAVE_STDLIB_H 1
| #define HAVE_STRING_H 1
| #define HAVE_MEMORY_H 1
| #define HAVE_STRINGS_H 1
| #define HAVE_INTTYPES_H 1
| #define HAVE_STDINT_H 1
| #define HAVE_UNISTD_H 1
| #define HAVE_DLFCN_H 1
| #define LT_OBJDIR ".libs/"
| /* end confdefs.h.  */
| #include <sys/types.h>
| 		#include <sys/param.h>
| 
| int
| main ()
| {
| #if BYTE_ORDER != BIG_ENDIAN
| 		 not big endian
| 		#endif
| 
|   ;
|   return 0;
| }
configure:12179: result: no
configure:12197: checking for ANSI C header files
configure:12301: result: yes
configure:12316: checking for special C compiler options needed for large files
configure:12361: result: no
configure:12367: checking for _FILE_OFFSET_BITS value needed for large files
configure:12392: gcc -c -g -O2  conftest.c >&5
conftest.c:36:3: warning: left shift count >= width of type [enabled by default]
conftest.c:36:3: warning: left shift count >= width of type [enabled by default]
conftest.c:37:10: warning: left shift count >= width of type [enabled by default]
conftest.c:37:10: warning: left shift count >= width of type [enabled by default]
conftest.c:36:7: error: size of array 'off_t_is_large' is negative
conftest.c:38:9: warning: variably modified 'off_t_is_large' at file scope [enabled by default]
configure:12392: $? = 1
configure: failed program was:
| /* confdefs.h */
| #define PACKAGE_NAME "vdpau_video"
| #define PACKAGE_TARNAME "libva-vdpau-driver"
| #define PACKAGE_VERSION "0.7.4"
| #define PACKAGE_STRING "vdpau_video 0.7.4"
| #define PACKAGE_BUGREPORT "gwenole.beauchesne@intel.com"
| #define PACKAGE_URL ""
| #define PACKAGE "libva-vdpau-driver"
| #define VERSION "0.7.4"
| #define VDPAU_VIDEO_MAJOR_VERSION 0
| #define VDPAU_VIDEO_MINOR_VERSION 7
| #define VDPAU_VIDEO_MICRO_VERSION 4
| #define VDPAU_VIDEO_PRE_VERSION 0
| #define USE_DEBUG 1
| #define USE_TRACER 1
| #define STDC_HEADERS 1
| #define HAVE_SYS_TYPES_H 1
| #define HAVE_SYS_STAT_H 1
| #define HAVE_STDLIB_H 1
| #define HAVE_STRING_H 1
| #define HAVE_MEMORY_H 1
| #define HAVE_STRINGS_H 1
| #define HAVE_INTTYPES_H 1
| #define HAVE_STDINT_H 1
| #define HAVE_UNISTD_H 1
| #define HAVE_DLFCN_H 1
| #define LT_OBJDIR ".libs/"
| #define STDC_HEADERS 1
| /* end confdefs.h.  */
| #include <sys/types.h>
|  /* Check that off_t can represent 2**63 - 1 correctly.
|     We can't simply define LARGE_OFF_T to be 9223372036854775807,
|     since some C++ compilers masquerading as C compilers
|     incorrectly reject 9223372036854775807.  */
| #define LARGE_OFF_T (((off_t) 1 << 62) - 1 + ((off_t) 1 << 62))
|   int off_t_is_large[(LARGE_OFF_T % 2147483629 == 721
| 		       && LARGE_OFF_T % 2147483647 == 1)
| 		      ? 1 : -1];
| int
| main ()
| {
| 
|   ;
|   return 0;
| }
configure:12416: gcc -c -g -O2  conftest.c >&5
configure:12416: $? = 0
configure:12424: result: 64
configure:12519: checking whether make supports nested variables
configure:12536: result: yes
configure:12549: checking for pthread_create in -lpthread
configure:12574: gcc -o conftest -g -O2   conftest.c -lpthread   >&5
configure:12574: $? = 0
configure:12583: result: yes
configure:12700: checking for tan in -lm
configure:12725: gcc -o conftest -g -O2   conftest.c -lm  -lpthread  >&5
conftest.c:40:6: warning: conflicting types for built-in function 'tan' [enabled by default]
configure:12725: $? = 0
configure:12734: result: yes
configure:12745: checking for timer_create in -lrt
configure:12770: gcc -o conftest -g -O2   conftest.c -lrt  -lm -lpthread  >&5
configure:12770: $? = 0
configure:12779: result: yes
configure:12793: checking for clock_gettime
configure:12793: gcc -o conftest -g -O2   conftest.c -lrt -lm -lpthread  >&5
configure:12793: $? = 0
configure:12793: result: yes
configure:12803: checking whether __attribute__((visibility())) is supported
configure:12823: result: yes
configure:12840: checking for GL/gl.h
configure:12840: gcc -c -g -O2  conftest.c >&5
configure:12840: $? = 0
configure:12840: result: yes
configure:12840: checking for GL/glext.h
configure:12840: gcc -c -g -O2  conftest.c >&5
configure:12840: $? = 0
configure:12840: result: yes
configure:12840: checking for GL/glx.h
configure:12840: gcc -c -g -O2  conftest.c >&5
configure:12840: $? = 0
configure:12840: result: yes
configure:12857: checking for glXCreateContext in -lGL
configure:12882: gcc -o conftest -g -O2   conftest.c -lGL  -lrt -lm -lpthread  >&5
configure:12882: $? = 0
configure:12891: result: yes
configure:12956: checking for pkg-config
configure:12974: found /usr/bin/pkg-config
configure:12986: result: /usr/bin/pkg-config
configure:13011: checking pkg-config is at least version 0.9.0
configure:13014: result: yes
configure:13024: checking for LIBVA_DEPS
configure:13031: $PKG_CONFIG --exists --print-errors "libva"
configure:13034: $? = 0
configure:13048: $PKG_CONFIG --exists --print-errors "libva"
configure:13051: $? = 0
configure:13109: result: yes
configure:13115: checking for LIBVA_X11_DEPS
configure:13122: $PKG_CONFIG --exists --print-errors "libva-x11 >= 0.31.0"
configure:13125: $? = 0
configure:13139: $PKG_CONFIG --exists --print-errors "libva-x11 >= 0.31.0"
configure:13142: $? = 0
configure:13200: result: yes
configure:13206: checking for LIBVA_GLX_DEPS
configure:13213: $PKG_CONFIG --exists --print-errors "libva-glx >= 0.32.0"
configure:13216: $? = 0
configure:13230: $PKG_CONFIG --exists --print-errors "libva-glx >= 0.32.0"
configure:13233: $? = 0
configure:13271: result: yes
configure:13293: checking for VA drivers path
configure:13299: result: /usr/local/lib/dri
configure:13303: checking for VDPAU
configure:13322: gcc -o conftest -g -O2   conftest.c -lrt -lm -lpthread  -lvdpau >&5
configure:13322: $? = 0
configure:13331: result: yes
configure:13337: checking for VDPAU/MPEG-4 support
configure:13354: gcc -o conftest -g -O2   conftest.c -lrt -lm -lpthread  -lvdpau >&5
configure:13354: $? = 0
configure:13363: result: yes
configure:13543: creating ./config.status

## ---------------------- ##
## Running config.status. ##
## ---------------------- ##

This file was extended by vdpau_video config.status 0.7.4, which was
generated by GNU Autoconf 2.68.  Invocation command line was

  CONFIG_FILES    = 
  CONFIG_HEADERS  = 
  CONFIG_LINKS    = 
  CONFIG_COMMANDS = 
  $ ./config.status 

on sijiewang-danoo

config.status:1132: creating Makefile
config.status:1132: creating debian.upstream/Makefile
config.status:1132: creating src/Makefile
config.status:1132: creating src/config.h
config.status:1313: src/config.h is unchanged
config.status:1361: executing depfiles commands
config.status:1361: executing libtool commands

## ---------------- ##
## Cache variables. ##
## ---------------- ##

ac_cv_build=i686-pc-linux-gnu
ac_cv_c_bigendian=no
ac_cv_c_compiler_gnu=yes
ac_cv_env_CC_set=
ac_cv_env_CC_value=
ac_cv_env_CFLAGS_set=
ac_cv_env_CFLAGS_value=
ac_cv_env_CPPFLAGS_set=
ac_cv_env_CPPFLAGS_value=
ac_cv_env_CPP_set=
ac_cv_env_CPP_value=
ac_cv_env_LDFLAGS_set=
ac_cv_env_LDFLAGS_value=
ac_cv_env_LIBS_set=
ac_cv_env_LIBS_value=
ac_cv_env_LIBVA_DEPS_CFLAGS_set=
ac_cv_env_LIBVA_DEPS_CFLAGS_value=
ac_cv_env_LIBVA_DEPS_LIBS_set=
ac_cv_env_LIBVA_DEPS_LIBS_value=
ac_cv_env_LIBVA_GLX_DEPS_CFLAGS_set=
ac_cv_env_LIBVA_GLX_DEPS_CFLAGS_value=
ac_cv_env_LIBVA_GLX_DEPS_LIBS_set=
ac_cv_env_LIBVA_GLX_DEPS_LIBS_value=
ac_cv_env_LIBVA_X11_DEPS_CFLAGS_set=
ac_cv_env_LIBVA_X11_DEPS_CFLAGS_value=
ac_cv_env_LIBVA_X11_DEPS_LIBS_set=
ac_cv_env_LIBVA_X11_DEPS_LIBS_value=
ac_cv_env_PKG_CONFIG_LIBDIR_set=
ac_cv_env_PKG_CONFIG_LIBDIR_value=
ac_cv_env_PKG_CONFIG_PATH_set=
ac_cv_env_PKG_CONFIG_PATH_value=
ac_cv_env_PKG_CONFIG_set=
ac_cv_env_PKG_CONFIG_value=
ac_cv_env_build_alias_set=
ac_cv_env_build_alias_value=
ac_cv_env_host_alias_set=
ac_cv_env_host_alias_value=
ac_cv_env_target_alias_set=
ac_cv_env_target_alias_value=
ac_cv_func_clock_gettime=yes
ac_cv_have_vdpau=yes
ac_cv_have_vdpau_mpeg4=yes
ac_cv_header_GL_gl_h=yes
ac_cv_header_GL_glext_h=yes
ac_cv_header_GL_glx_h=yes
ac_cv_header_dlfcn_h=yes
ac_cv_header_inttypes_h=yes
ac_cv_header_memory_h=yes
ac_cv_header_stdc=yes
ac_cv_header_stdint_h=yes
ac_cv_header_stdlib_h=yes
ac_cv_header_string_h=yes
ac_cv_header_strings_h=yes
ac_cv_header_sys_stat_h=yes
ac_cv_header_sys_types_h=yes
ac_cv_header_unistd_h=yes
ac_cv_host=i686-pc-linux-gnu
ac_cv_lib_GL_glXCreateContext=yes
ac_cv_lib_m_tan=yes
ac_cv_lib_pthread_pthread_create=yes
ac_cv_lib_rt_timer_create=yes
ac_cv_objext=o
ac_cv_path_EGREP='/bin/grep -E'
ac_cv_path_FGREP='/bin/grep -F'
ac_cv_path_GREP=/bin/grep
ac_cv_path_SED=/bin/sed
ac_cv_path_ac_pt_PKG_CONFIG=/usr/bin/pkg-config
ac_cv_path_install='/usr/bin/install -c'
ac_cv_path_mkdir=/bin/mkdir
ac_cv_prog_AWK=mawk
ac_cv_prog_CPP='gcc -E'
ac_cv_prog_ac_ct_AR=ar
ac_cv_prog_ac_ct_CC=gcc
ac_cv_prog_ac_ct_MANIFEST_TOOL=mt
ac_cv_prog_ac_ct_OBJDUMP=objdump
ac_cv_prog_ac_ct_RANLIB=ranlib
ac_cv_prog_ac_ct_STRIP=strip
ac_cv_prog_cc_c89=
ac_cv_prog_cc_g=yes
ac_cv_prog_make_make_set=yes
ac_cv_sys_file_offset_bits=64
ac_cv_sys_largefile_CC=no
am_cv_CC_dependencies_compiler_type=gcc3
am_cv_make_support_nested_variables=yes
lt_cv_ar_at_file=@
lt_cv_archive_cmds_need_lc=no
lt_cv_deplibs_check_method=pass_all
lt_cv_file_magic_cmd='$MAGIC_CMD'
lt_cv_file_magic_test_file=
lt_cv_ld_reload_flag=-r
lt_cv_nm_interface='BSD nm'
lt_cv_objdir=.libs
lt_cv_path_LD=/usr/bin/ld
lt_cv_path_NM='/usr/bin/nm -B'
lt_cv_path_mainfest_tool=no
lt_cv_prog_compiler_c_o=yes
lt_cv_prog_compiler_pic='-fPIC -DPIC'
lt_cv_prog_compiler_pic_works=yes
lt_cv_prog_compiler_rtti_exceptions=no
lt_cv_prog_compiler_static_works=yes
lt_cv_prog_gnu_ld=yes
lt_cv_sharedlib_from_linklib_cmd='printf %s\n'
lt_cv_shlibpath_overrides_runpath=no
lt_cv_sys_global_symbol_pipe='sed -n -e '\''s/^.*[	 ]\([ABCDGIRSTW][ABCDGIRSTW]*\)[	 ][	 ]*\([_A-Za-z][_A-Za-z0-9]*\)$/\1 \2 \2/p'\'' | sed '\''/ __gnu_lto/d'\'''
lt_cv_sys_global_symbol_to_c_name_address='sed -n -e '\''s/^: \([^ ]*\)[ ]*$/  {\"\1\", (void *) 0},/p'\'' -e '\''s/^[ABCDGIRSTW]* \([^ ]*\) \([^ ]*\)$/  {"\2", (void *) \&\2},/p'\'''
lt_cv_sys_global_symbol_to_c_name_address_lib_prefix='sed -n -e '\''s/^: \([^ ]*\)[ ]*$/  {\"\1\", (void *) 0},/p'\'' -e '\''s/^[ABCDGIRSTW]* \([^ ]*\) \(lib[^ ]*\)$/  {"\2", (void *) \&\2},/p'\'' -e '\''s/^[ABCDGIRSTW]* \([^ ]*\) \([^ ]*\)$/  {"lib\2", (void *) \&\2},/p'\'''
lt_cv_sys_global_symbol_to_cdecl='sed -n -e '\''s/^T .* \(.*\)$/extern int \1();/p'\'' -e '\''s/^[ABCDGIRSTW]* .* \(.*\)$/extern char \1;/p'\'''
lt_cv_sys_max_cmd_len=1572864
lt_cv_to_host_file_cmd=func_convert_file_noop
lt_cv_to_tool_file_cmd=func_convert_file_noop
pkg_cv_LIBVA_DEPS_CFLAGS='-I/usr/local/include  '
pkg_cv_LIBVA_DEPS_LIBS='-L/usr/local/lib -lva  '
pkg_cv_LIBVA_GLX_DEPS_CFLAGS='-I/usr/local/include  '
pkg_cv_LIBVA_GLX_DEPS_LIBS='-L/usr/local/lib -lva-glx -lva  '
pkg_cv_LIBVA_X11_DEPS_CFLAGS='-I/usr/local/include  '
pkg_cv_LIBVA_X11_DEPS_LIBS='-L/usr/local/lib -lva-x11 -lva  '
vdpau_cv_visibility_attribute=yes

## ----------------- ##
## Output variables. ##
## ----------------- ##

ACLOCAL='${SHELL} /home/sijiewang/Projects/VAAPI/libva-vdpau-driver-0.7.4/missing --run aclocal-1.11'
AMDEPBACKSLASH='\'
AMDEP_FALSE='#'
AMDEP_TRUE=''
AMTAR='$${TAR-tar}'
AM_BACKSLASH='\'
AM_DEFAULT_V='$(AM_DEFAULT_VERBOSITY)'
AM_DEFAULT_VERBOSITY='0'
AM_V='$(V)'
AR='ar'
AUTOCONF='${SHELL} /home/sijiewang/Projects/VAAPI/libva-vdpau-driver-0.7.4/missing --run autoconf'
AUTOHEADER='${SHELL} /home/sijiewang/Projects/VAAPI/libva-vdpau-driver-0.7.4/missing --run autoheader'
AUTOMAKE='${SHELL} /home/sijiewang/Projects/VAAPI/libva-vdpau-driver-0.7.4/missing --run automake-1.11'
AWK='mawk'
CC='gcc'
CCDEPMODE='depmode=gcc3'
CFLAGS='-g -O2'
CPP='gcc -E'
CPPFLAGS=''
CYGPATH_W='echo'
DEFS='-DHAVE_CONFIG_H'
DEPDIR='.deps'
DLLTOOL='false'
DSYMUTIL=''
DUMPBIN=''
ECHO_C=''
ECHO_N='-n'
ECHO_T=''
EGREP='/bin/grep -E'
EXEEXT=''
FGREP='/bin/grep -F'
GL_DEPS_CFLAGS=''
GL_DEPS_LIBS='-lGL -ldl'
GREP='/bin/grep'
INSTALL_DATA='${INSTALL} -m 644'
INSTALL_PROGRAM='${INSTALL}'
INSTALL_SCRIPT='${INSTALL}'
INSTALL_STRIP_PROGRAM='$(install_sh) -c -s'
LD='/usr/bin/ld'
LDFLAGS=''
LIBOBJS=''
LIBS='-lrt -lm -lpthread  -lvdpau'
LIBTOOL='$(SHELL) $(top_builddir)/libtool'
LIBVA_DEPS_CFLAGS='-I/usr/local/include  '
LIBVA_DEPS_LIBS='-L/usr/local/lib -lva  '
LIBVA_DRIVERS_PATH='/usr/local/lib/dri'
LIBVA_GLX_DEPS_CFLAGS='-I/usr/local/include  '
LIBVA_GLX_DEPS_LIBS='-L/usr/local/lib -lva-glx -lva  '
LIBVA_PACKAGE_VERSION='1.0.9'
LIBVA_X11_DEPS_CFLAGS='-I/usr/local/include  '
LIBVA_X11_DEPS_LIBS='-L/usr/local/lib -lva-x11 -lva  '
LIPO=''
LN_S='ln -s'
LTLIBOBJS=''
MAKEINFO='${SHELL} /home/sijiewang/Projects/VAAPI/libva-vdpau-driver-0.7.4/missing --run makeinfo'
MANIFEST_TOOL=':'
MKDIR_P='/bin/mkdir -p'
NM='/usr/bin/nm -B'
NMEDIT=''
OBJDUMP='objdump'
OBJEXT='o'
OTOOL64=''
OTOOL=''
PACKAGE='libva-vdpau-driver'
PACKAGE_BUGREPORT='gwenole.beauchesne@intel.com'
PACKAGE_NAME='vdpau_video'
PACKAGE_STRING='vdpau_video 0.7.4'
PACKAGE_TARNAME='libva-vdpau-driver'
PACKAGE_URL=''
PACKAGE_VERSION='0.7.4'
PATH_SEPARATOR=':'
PKG_CONFIG='/usr/bin/pkg-config'
PKG_CONFIG_LIBDIR=''
PKG_CONFIG_PATH=''
RANLIB='ranlib'
SED='/bin/sed'
SET_MAKE=''
SHELL='/bin/bash'
STRIP='strip'
USE_GLX_FALSE='#'
USE_GLX_TRUE=''
VDPAU_VIDEO_CFLAGS='-I/usr/local/include   '
VDPAU_VIDEO_LIBS=' -lGL -ldl'
VDPAU_VIDEO_LT_LDFLAGS='-avoid-version'
VERSION='0.7.4'
ac_ct_AR='ar'
ac_ct_CC='gcc'
ac_ct_DUMPBIN=''
am__EXEEXT_FALSE=''
am__EXEEXT_TRUE='#'
am__fastdepCC_FALSE='#'
am__fastdepCC_TRUE=''
am__include='include'
am__isrc=''
am__leading_dot='.'
am__nodep='_no'
am__quote=''
am__tar='$${TAR-tar} chof - "$$tardir"'
am__untar='$${TAR-tar} xf -'
bindir='${exec_prefix}/bin'
build='i686-pc-linux-gnu'
build_alias=''
build_cpu='i686'
build_os='linux-gnu'
build_vendor='pc'
datadir='${datarootdir}'
datarootdir='${prefix}/share'
docdir='${datarootdir}/doc/${PACKAGE_TARNAME}'
dvidir='${docdir}'
exec_prefix='${prefix}'
host='i686-pc-linux-gnu'
host_alias=''
host_cpu='i686'
host_os='linux-gnu'
host_vendor='pc'
htmldir='${docdir}'
includedir='${prefix}/include'
infodir='${datarootdir}/info'
install_sh='${SHELL} /home/sijiewang/Projects/VAAPI/libva-vdpau-driver-0.7.4/install-sh'
libdir='${exec_prefix}/lib'
libexecdir='${exec_prefix}/libexec'
localedir='${datarootdir}/locale'
localstatedir='${prefix}/var'
mandir='${datarootdir}/man'
mkdir_p='/bin/mkdir -p'
oldincludedir='/usr/include'
pdfdir='${docdir}'
prefix='/usr/local'
program_transform_name='s,x,x,'
psdir='${docdir}'
sbindir='${exec_prefix}/sbin'
sharedstatedir='${prefix}/com'
sysconfdir='${prefix}/etc'
target_alias=''

## ----------- ##
## confdefs.h. ##
## ----------- ##

/* confdefs.h */
#define PACKAGE_NAME "vdpau_video"
#define PACKAGE_TARNAME "libva-vdpau-driver"
#define PACKAGE_VERSION "0.7.4"
#define PACKAGE_STRING "vdpau_video 0.7.4"
#define PACKAGE_BUGREPORT "gwenole.beauchesne@intel.com"
#define PACKAGE_URL ""
#define PACKAGE "libva-vdpau-driver"
#define VERSION "0.7.4"
#define VDPAU_VIDEO_MAJOR_VERSION 0
#define VDPAU_VIDEO_MINOR_VERSION 7
#define VDPAU_VIDEO_MICRO_VERSION 4
#define VDPAU_VIDEO_PRE_VERSION 0
#define USE_DEBUG 1
#define USE_TRACER 1
#define STDC_HEADERS 1
#define HAVE_SYS_TYPES_H 1
#define HAVE_SYS_STAT_H 1
#define HAVE_STDLIB_H 1
#define HAVE_STRING_H 1
#define HAVE_MEMORY_H 1
#define HAVE_STRINGS_H 1
#define HAVE_INTTYPES_H 1
#define HAVE_STDINT_H 1
#define HAVE_UNISTD_H 1
#define HAVE_DLFCN_H 1
#define LT_OBJDIR ".libs/"
#define STDC_HEADERS 1
#define _FILE_OFFSET_BITS 64
#define HAVE_LIBPTHREAD 1
#define HAVE_PTHREADS 1
#define HAVE_LIBM 1
#define HAVE_LIBRT 1
#define HAVE_CLOCK_GETTIME 1
#define HAVE_VISIBILITY_ATTRIBUTE 1
#define HAVE_GL_GL_H 1
#define HAVE_GL_GLEXT_H 1
#define HAVE_GL_GLX_H 1
#define VA_DRIVER_INIT_FUNC __vaDriverInit_0_35
#define HAVE_VDPAU_MPEG4 1
#define USE_GLX 1

configure: exit 0
